#
# A fatal error has been detected by the Java Runtime Environment:
#
#  EXCEPTION_ACCESS_VIOLATION (0xc0000005) at pc=0x00007fff0d9e308a, pid=8716, tid=10856
#
# JRE version: Java(TM) SE Runtime Environment (8.0_73-b02) (build 1.8.0_73-b02)
# Java VM: Java HotSpot(TM) 64-Bit Server VM (25.73-b02 mixed mode windows-amd64 compressed oops)
# Problematic frame:
# C  [jnifreenect.dll+0x308a]
#
# Failed to write core dump. Minidumps are not enabled by default on client versions of Windows
#
# If you would like to submit a bug report, please visit:
#   http://bugreport.java.com/bugreport/crash.jsp
# The crash happened outside the Java Virtual Machine in native code.
# See problematic frame for where to report the bug.
#

---------------  T H R E A D  ---------------

Current thread (0x0000000018bbc000):  JavaThread "Thread-6" [_thread_in_native, id=10856, stack(0x000000001f6b0000,0x000000001f7b0000)]

siginfo: ExceptionCode=0xc0000005, reading address 0xffffffffffffffff

Registers:
RAX=0x0038003600320070, RBX=0x0000000018bbc1f8, RCX=0x0000000018bbc1f8, RDX=0x000000001f7af598
RSP=0x000000001f7af4c0, RBP=0x000000000000004f, RSI=0x0038003600320070, RDI=0x000000001f7af598
R8 =0x0000000000000032, R9 =0x00000000ecc51f10, R10=0x0000000000000042, R11=0x0000000068c522a8
R12=0x0000000000000000, R13=0x0000000019a33448, R14=0x0000000000000001, R15=0x0000000018bbc000
RIP=0x00007fff0d9e308a, EFLAGS=0x0000000000010202

Top of Stack: (sp=0x000000001f7af4c0)
0x000000001f7af4c0:   0000000018bbc000 0000000019a33448
0x000000001f7af4d0:   0000000018bbc000 00007ffefa0c0286
0x000000001f7af4e0:   000000001f7af598 0000000002365e34
0x000000001f7af4f0:   0000000019a33448 000000001f7af568
0x000000001f7af500:   0000000000200021 0000000002357a70
0x000000001f7af510:   0000000014714100 0000000018bbc000
0x000000001f7af520:   000000001f7af610 000000001f7af528
0x000000001f7af530:   0000000000000000 000000001f7af598
0x000000001f7af540:   0000000019c2b718 0000000000000000
0x000000001f7af550:   0000000019a33448 0000000000000000
0x000000001f7af560:   000000001f7af588 000000001f7af5e0
0x000000001f7af570:   0000000002357a70 0000000000000000
0x000000001f7af580:   000000000235f97b 000000000000004f
0x000000001f7af590:   0000000000000001 00000000ecc51f10
0x000000001f7af5a0:   000000001f7af5a0 000000001f679e39
0x000000001f7af5b0:   000000001f7af610 000000001f67a100 

Instructions: (pc=0x00007fff0d9e308a)
0x00007fff0d9e306a:   41 ff 51 70 33 c0 eb 1f 48 8b 03 4c 8b 05 f4 c7
0x00007fff0d9e307a:   01 00 48 8b d7 ff 90 20 03 00 00 48 98 48 03 c6
0x00007fff0d9e308a:   41 88 2c 06 48 8b c7 48 8b 5c 24 30 48 8b 6c 24
0x00007fff0d9e309a:   38 48 8b 74 24 40 48 8b 7c 24 48 48 83 c4 20 41 


Register to memory mapping:

RAX=0x0038003600320070 is an unknown value
RBX=0x0000000018bbc1f8 is an unknown value
RCX=0x0000000018bbc1f8 is an unknown value
RDX=0x000000001f7af598 is pointing into the stack for thread: 0x0000000018bbc000
RSP=0x000000001f7af4c0 is pointing into the stack for thread: 0x0000000018bbc000
RBP=0x000000000000004f is an unknown value
RSI=0x0038003600320070 is an unknown value
RDI=0x000000001f7af598 is pointing into the stack for thread: 0x0000000018bbc000
R8 =0x0000000000000032 is an unknown value
R9 =0x00000000ecc51f10 is an oop
org.bytedeco.javacpp.BytePointer 
 - klass: 'org/bytedeco/javacpp/BytePointer'
R10=0x0000000000000042 is an unknown value
R11=0x0000000068c522a8 is an unknown value
R12=0x0000000000000000 is an unknown value
R13={method} {0x0000000019a33450} 'put' '(IB)Lorg/bytedeco/javacpp/BytePointer;' in 'org/bytedeco/javacpp/BytePointer'
R14=0x0000000000000001 is an unknown value
R15=0x0000000018bbc000 is a thread


Stack: [0x000000001f6b0000,0x000000001f7b0000],  sp=0x000000001f7af4c0,  free space=1021k
Native frames: (J=compiled Java code, j=interpreted, Vv=VM code, C=native code)
C  [jnifreenect.dll+0x308a]
C  0x0000000002365e34

Java frames: (J=compiled Java code, j=interpreted, Vv=VM code)
j  org.bytedeco.javacpp.BytePointer.put(IB)Lorg/bytedeco/javacpp/BytePointer;+0
j  ICCEditor.clone()Lorg/bytedeco/javacpp/opencv_core$IplImage;+41
j  ICCRecorder.run()V+94
j  java.lang.Thread.run()V+11
v  ~StubRoutines::call_stub

---------------  P R O C E S S  ---------------

Java Threads: ( => current thread )
=>0x0000000018bbc000 JavaThread "Thread-6" [_thread_in_native, id=10856, stack(0x000000001f6b0000,0x000000001f7b0000)]
  0x0000000018bbf000 JavaThread "java-sdk-http-connection-reaper" daemon [_thread_blocked, id=11820, stack(0x000000001eab0000,0x000000001ebb0000)]
  0x0000000002252800 JavaThread "DestroyJavaVM" [_thread_blocked, id=7720, stack(0x0000000002150000,0x0000000002250000)]
  0x0000000016c9c000 JavaThread "Thread-3" [_thread_in_native, id=4768, stack(0x00000000184b0000,0x00000000185b0000)]
  0x0000000016c2c800 JavaThread "Thread-2" [_thread_blocked, id=12820, stack(0x00000000183b0000,0x00000000184b0000)]
  0x0000000016ae1800 JavaThread "AWT-EventQueue-0" [_thread_blocked, id=12744, stack(0x0000000017960000,0x0000000017a60000)]
  0x0000000016aca000 JavaThread "AWT-Windows" daemon [_thread_in_native, id=4268, stack(0x0000000017390000,0x0000000017490000)]
  0x0000000016ac7800 JavaThread "AWT-Shutdown" [_thread_blocked, id=7796, stack(0x0000000017290000,0x0000000017390000)]
  0x0000000016a74800 JavaThread "Java2D Disposer" daemon [_thread_blocked, id=10456, stack(0x0000000017190000,0x0000000017290000)]
  0x00000000162cf000 JavaThread "Service Thread" daemon [_thread_blocked, id=9492, stack(0x00000000166b0000,0x00000000167b0000)]
  0x00000000149be000 JavaThread "C1 CompilerThread2" daemon [_thread_blocked, id=11888, stack(0x00000000161b0000,0x00000000162b0000)]
  0x00000000149b3800 JavaThread "C2 CompilerThread1" daemon [_thread_blocked, id=13128, stack(0x00000000160b0000,0x00000000161b0000)]
  0x000000001495f000 JavaThread "C2 CompilerThread0" daemon [_thread_blocked, id=13088, stack(0x0000000015fb0000,0x00000000160b0000)]
  0x000000001495d000 JavaThread "Attach Listener" daemon [_thread_blocked, id=10348, stack(0x0000000015eb0000,0x0000000015fb0000)]
  0x000000001495c000 JavaThread "Signal Dispatcher" daemon [_thread_blocked, id=8660, stack(0x0000000015db0000,0x0000000015eb0000)]
  0x0000000002348800 JavaThread "Finalizer" daemon [_thread_blocked, id=11372, stack(0x0000000015bd0000,0x0000000015cd0000)]
  0x000000000233f800 JavaThread "Reference Handler" daemon [_thread_blocked, id=13108, stack(0x0000000015ad0000,0x0000000015bd0000)]

Other Threads:
  0x0000000014927800 VMThread [stack: 0x00000000159d0000,0x0000000015ad0000] [id=6396]
  0x00000000162f6800 WatcherThread [stack: 0x00000000167b0000,0x00000000168b0000] [id=10528]

VM state:not at safepoint (normal execution)

VM Mutex/Monitor currently owned by a thread: None

Heap:
 PSYoungGen      total 52736K, used 35775K [0x00000000eb180000, 0x00000000f0180000, 0x0000000100000000)
  eden space 44544K, 61% used [0x00000000eb180000,0x00000000ecc72ba8,0x00000000edd00000)
  from space 8192K, 99% used [0x00000000ef980000,0x00000000f017d080,0x00000000f0180000)
  to   space 10240K, 0% used [0x00000000eed80000,0x00000000eed80000,0x00000000ef780000)
 ParOldGen       total 38912K, used 8954K [0x00000000c1400000, 0x00000000c3a00000, 0x00000000eb180000)
  object space 38912K, 23% used [0x00000000c1400000,0x00000000c1cbe990,0x00000000c3a00000)
 Metaspace       used 25113K, capacity 25376K, committed 25728K, reserved 1071104K
  class space    used 3040K, capacity 3146K, committed 3200K, reserved 1048576K

Card table byte_map: [0x0000000011710000,0x0000000011910000] byte_map_base: 0x0000000011106000

Marking Bits: (ParMarkBitMap*) 0x0000000068c60600
 Begin Bits: [0x0000000011e60000, 0x0000000012e10000)
 End Bits:   [0x0000000012e10000, 0x0000000013dc0000)

Polling page: 0x0000000000920000

CodeCache: size=245760Kb used=6252Kb max_used=6257Kb free=239507Kb
 bounds [0x0000000002350000, 0x0000000002980000, 0x0000000011350000]
 total_blobs=2415 nmethods=1791 adapters=536
 compilation: enabled

Compilation events (10 events):
Event: 16.759 Thread 0x00000000149be000 1787       3       java.util.HashMap::afterNodeRemoval (1 bytes)
Event: 16.759 Thread 0x00000000149be000 nmethod 1787 0x000000000293a810 code [0x000000000293a960, 0x000000000293aab0]
Event: 16.760 Thread 0x00000000149be000 1788       3       java.util.HashMap::remove (26 bytes)
Event: 16.761 Thread 0x00000000149be000 nmethod 1788 0x000000000293a110 code [0x000000000293a2a0, 0x000000000293a6b8]
Event: 16.770 Thread 0x00000000149be000 1789       3       org.bytedeco.javacpp.ClassProperties::getProperty (7 bytes)
Event: 16.772 Thread 0x00000000149be000 nmethod 1789 0x00000000029625d0 code [0x0000000002962800, 0x0000000002963558]
Event: 16.790 Thread 0x00000000149be000 1790       3       java.util.Collections::emptyIterator (4 bytes)
Event: 16.791 Thread 0x00000000149be000 nmethod 1790 0x0000000002938710 code [0x0000000002938860, 0x0000000002938990]
Event: 16.865 Thread 0x00000000149be000 1791   !   3       java.util.Collections$SynchronizedMap::remove (25 bytes)
Event: 16.866 Thread 0x00000000149be000 nmethod 1791 0x0000000002937e10 code [0x0000000002937f80, 0x0000000002938328]

GC Heap History (10 events):
Event: 1.349 GC heap before
{Heap before GC invocations=3 (full 0):
 PSYoungGen      total 18944K, used 18943K [0x00000000eb180000, 0x00000000ed680000, 0x0000000100000000)
  eden space 16384K, 100% used [0x00000000eb180000,0x00000000ec180000,0x00000000ec180000)
  from space 2560K, 99% used [0x00000000ec400000,0x00000000ec67fed0,0x00000000ec680000)
  to   space 2560K, 0% used [0x00000000ec180000,0x00000000ec180000,0x00000000ec400000)
 ParOldGen       total 44032K, used 593K [0x00000000c1400000, 0x00000000c3f00000, 0x00000000eb180000)
  object space 44032K, 1% used [0x00000000c1400000,0x00000000c1494580,0x00000000c3f00000)
 Metaspace       used 13878K, capacity 14104K, committed 14336K, reserved 1062912K
  class space    used 1620K, capacity 1700K, committed 1792K, reserved 1048576K
Event: 1.357 GC heap after
Heap after GC invocations=3 (full 0):
 PSYoungGen      total 18944K, used 2553K [0x00000000eb180000, 0x00000000ed680000, 0x0000000100000000)
  eden space 16384K, 0% used [0x00000000eb180000,0x00000000eb180000,0x00000000ec180000)
  from space 2560K, 99% used [0x00000000ec180000,0x00000000ec3fe7d8,0x00000000ec400000)
  to   space 2560K, 0% used [0x00000000ed400000,0x00000000ed400000,0x00000000ed680000)
 ParOldGen       total 44032K, used 2678K [0x00000000c1400000, 0x00000000c3f00000, 0x00000000eb180000)
  object space 44032K, 6% used [0x00000000c1400000,0x00000000c169d810,0x00000000c3f00000)
 Metaspace       used 13878K, capacity 14104K, committed 14336K, reserved 1062912K
  class space    used 1620K, capacity 1700K, committed 1792K, reserved 1048576K
}
Event: 1.758 GC heap before
{Heap before GC invocations=4 (full 0):
 PSYoungGen      total 18944K, used 18937K [0x00000000eb180000, 0x00000000ed680000, 0x0000000100000000)
  eden space 16384K, 100% used [0x00000000eb180000,0x00000000ec180000,0x00000000ec180000)
  from space 2560K, 99% used [0x00000000ec180000,0x00000000ec3fe7d8,0x00000000ec400000)
  to   space 2560K, 0% used [0x00000000ed400000,0x00000000ed400000,0x00000000ed680000)
 ParOldGen       total 44032K, used 2678K [0x00000000c1400000, 0x00000000c3f00000, 0x00000000eb180000)
  object space 44032K, 6% used [0x00000000c1400000,0x00000000c169d810,0x00000000c3f00000)
 Metaspace       used 16723K, capacity 16940K, committed 17152K, reserved 1064960K
  class space    used 1980K, capacity 2037K, committed 2048K, reserved 1048576K
Event: 1.767 GC heap after
Heap after GC invocations=4 (full 0):
 PSYoungGen      total 35328K, used 2553K [0x00000000eb180000, 0x00000000ed680000, 0x0000000100000000)
  eden space 32768K, 0% used [0x00000000eb180000,0x00000000eb180000,0x00000000ed180000)
  from space 2560K, 99% used [0x00000000ed400000,0x00000000ed67e7e8,0x00000000ed680000)
  to   space 2560K, 0% used [0x00000000ed180000,0x00000000ed180000,0x00000000ed400000)
 ParOldGen       total 44032K, used 5042K [0x00000000c1400000, 0x00000000c3f00000, 0x00000000eb180000)
  object space 44032K, 11% used [0x00000000c1400000,0x00000000c18ecb08,0x00000000c3f00000)
 Metaspace       used 16723K, capacity 16940K, committed 17152K, reserved 1064960K
  class space    used 1980K, capacity 2037K, committed 2048K, reserved 1048576K
}
Event: 2.602 GC heap before
{Heap before GC invocations=5 (full 0):
 PSYoungGen      total 35328K, used 34696K [0x00000000eb180000, 0x00000000ed680000, 0x0000000100000000)
  eden space 32768K, 98% used [0x00000000eb180000,0x00000000ed0e3ae8,0x00000000ed180000)
  from space 2560K, 99% used [0x00000000ed400000,0x00000000ed67e7e8,0x00000000ed680000)
  to   space 2560K, 0% used [0x00000000ed180000,0x00000000ed180000,0x00000000ed400000)
 ParOldGen       total 44032K, used 5042K [0x00000000c1400000, 0x00000000c3f00000, 0x00000000eb180000)
  object space 44032K, 11% used [0x00000000c1400000,0x00000000c18ecb08,0x00000000c3f00000)
 Metaspace       used 20818K, capacity 21102K, committed 21296K, reserved 1069056K
  class space    used 2484K, capacity 2599K, committed 2688K, reserved 1048576K
Event: 2.615 GC heap after
Heap after GC invocations=5 (full 0):
 PSYoungGen      total 35328K, used 2553K [0x00000000eb180000, 0x00000000f0180000, 0x0000000100000000)
  eden space 32768K, 0% used [0x00000000eb180000,0x00000000eb180000,0x00000000ed180000)
  from space 2560K, 99% used [0x00000000ed180000,0x00000000ed3fe7d8,0x00000000ed400000)
  to   space 8192K, 0% used [0x00000000ef980000,0x00000000ef980000,0x00000000f0180000)
 ParOldGen       total 44032K, used 9203K [0x00000000c1400000, 0x00000000c3f00000, 0x00000000eb180000)
  object space 44032K, 20% used [0x00000000c1400000,0x00000000c1cfcce8,0x00000000c3f00000)
 Metaspace       used 20818K, capacity 21102K, committed 21296K, reserved 1069056K
  class space    used 2484K, capacity 2599K, committed 2688K, reserved 1048576K
}
Event: 2.615 GC heap before
{Heap before GC invocations=6 (full 1):
 PSYoungGen      total 35328K, used 2553K [0x00000000eb180000, 0x00000000f0180000, 0x0000000100000000)
  eden space 32768K, 0% used [0x00000000eb180000,0x00000000eb180000,0x00000000ed180000)
  from space 2560K, 99% used [0x00000000ed180000,0x00000000ed3fe7d8,0x00000000ed400000)
  to   space 8192K, 0% used [0x00000000ef980000,0x00000000ef980000,0x00000000f0180000)
 ParOldGen       total 44032K, used 9203K [0x00000000c1400000, 0x00000000c3f00000, 0x00000000eb180000)
  object space 44032K, 20% used [0x00000000c1400000,0x00000000c1cfcce8,0x00000000c3f00000)
 Metaspace       used 20818K, capacity 21102K, committed 21296K, reserved 1069056K
  class space    used 2484K, capacity 2599K, committed 2688K, reserved 1048576K
Event: 2.682 GC heap after
Heap after GC invocations=6 (full 1):
 PSYoungGen      total 35328K, used 0K [0x00000000eb180000, 0x00000000f0180000, 0x0000000100000000)
  eden space 32768K, 0% used [0x00000000eb180000,0x00000000eb180000,0x00000000ed180000)
  from space 2560K, 0% used [0x00000000ed180000,0x00000000ed180000,0x00000000ed400000)
  to   space 8192K, 0% used [0x00000000ef980000,0x00000000ef980000,0x00000000f0180000)
 ParOldGen       total 38912K, used 7687K [0x00000000c1400000, 0x00000000c3a00000, 0x00000000eb180000)
  object space 38912K, 19% used [0x00000000c1400000,0x00000000c1b81de0,0x00000000c3a00000)
 Metaspace       used 20818K, capacity 21102K, committed 21296K, reserved 1069056K
  class space    used 2484K, capacity 2599K, committed 2688K, reserved 1048576K
}
Event: 14.886 GC heap before
{Heap before GC invocations=7 (full 1):
 PSYoungGen      total 35328K, used 32768K [0x00000000eb180000, 0x00000000f0180000, 0x0000000100000000)
  eden space 32768K, 100% used [0x00000000eb180000,0x00000000ed180000,0x00000000ed180000)
  from space 2560K, 0% used [0x00000000ed180000,0x00000000ed180000,0x00000000ed400000)
  to   space 8192K, 0% used [0x00000000ef980000,0x00000000ef980000,0x00000000f0180000)
 ParOldGen       total 38912K, used 7687K [0x00000000c1400000, 0x00000000c3a00000, 0x00000000eb180000)
  object space 38912K, 19% used [0x00000000c1400000,0x00000000c1b81de0,0x00000000c3a00000)
 Metaspace       used 24772K, capacity 25056K, committed 25472K, reserved 1071104K
  class space    used 2981K, capacity 3082K, committed 3200K, reserved 1048576K
Event: 14.892 GC heap after
Heap after GC invocations=7 (full 1):
 PSYoungGen      total 52736K, used 8180K [0x00000000eb180000, 0x00000000f0180000, 0x0000000100000000)
  eden space 44544K, 0% used [0x00000000eb180000,0x00000000eb180000,0x00000000edd00000)
  from space 8192K, 99% used [0x00000000ef980000,0x00000000f017d080,0x00000000f0180000)
  to   space 10240K, 0% used [0x00000000eed80000,0x00000000eed80000,0x00000000ef780000)
 ParOldGen       total 38912K, used 8954K [0x00000000c1400000, 0x00000000c3a00000, 0x00000000eb180000)
  object space 38912K, 23% used [0x00000000c1400000,0x00000000c1cbe990,0x00000000c3a00000)
 Metaspace       used 24772K, capacity 25056K, committed 25472K, reserved 1071104K
  class space    used 2981K, capacity 3082K, committed 3200K, reserved 1048576K
}

Deoptimization events (10 events):
Event: 1.483 Thread 0x0000000016c2c800 Uncommon trap: reason=range_check action=make_not_entrant pc=0x000000000265e4a0 method=sun.reflect.generics.parser.SignatureParser.current()C @ 34
Event: 1.619 Thread 0x0000000016c2c800 Uncommon trap: reason=unstable_if action=reinterpret pc=0x00000000025fc9dc method=java.util.HashMap.putVal(ILjava/lang/Object;Ljava/lang/Object;ZZ)Ljava/lang/Object; @ 236
Event: 2.079 Thread 0x0000000016c2c800 Uncommon trap: reason=predicate action=maybe_recompile pc=0x0000000002606d64 method=sun.net.www.ParseUtil.encodePath(Ljava/lang/String;Z)Ljava/lang/String; @ 36
Event: 2.308 Thread 0x0000000016c2c800 Uncommon trap: reason=unstable_if action=reinterpret pc=0x0000000002748870 method=java.util.Arrays.equals([B[B)Z @ 23
Event: 2.325 Thread 0x0000000016c2c800 Uncommon trap: reason=unstable_if action=reinterpret pc=0x00000000027764f0 method=java.lang.String.regionMatches(ZILjava/lang/String;II)Z @ 123
Event: 2.325 Thread 0x0000000016c2c800 Uncommon trap: reason=unstable_if action=reinterpret pc=0x0000000002737e04 method=java.lang.String.regionMatches(ZILjava/lang/String;II)Z @ 123
Event: 2.328 Thread 0x0000000016c2c800 Uncommon trap: reason=unstable_if action=reinterpret pc=0x00000000026d7490 method=java.io.ByteArrayInputStream.read()I @ 8
Event: 2.381 Thread 0x0000000016c2c800 Uncommon trap: reason=bimorphic action=maybe_recompile pc=0x000000000277d48c method=java.net.URL.<init>(Ljava/net/URL;Ljava/lang/String;Ljava/net/URLStreamHandler;)V @ 504
Event: 2.566 Thread 0x0000000016c2c800 Uncommon trap: reason=unstable_if action=reinterpret pc=0x00000000026b55d4 method=java.lang.CharacterDataLatin1.digit(II)I @ 82
Event: 3.599 Thread 0x0000000016c9c000 Uncommon trap: reason=unstable_if action=reinterpret pc=0x0000000002881d70 method=org.bytedeco.javacv.Java2DFrameConverter.flipCopyWithGamma(Ljava/nio/ByteBuffer;ILjava/nio/ByteBuffer;IZDZI)V @ 50

Internal exceptions (10 events):
Event: 1.357 Thread 0x0000000016c9c000 Exception <a 'java/lang/UnsatisfiedLinkError'> (0x00000000eb182870) thrown at [D:\re\puppet\workspace\8-2-build-windows-amd64-cygwin\jdk8u73\6086\hotspot\src\share\vm\prims\jvm.cpp, line 3969]
Event: 1.357 Thread 0x0000000016c9c000 Exception <a 'java/lang/UnsatisfiedLinkError'> (0x00000000eb182870) thrown at [D:\re\puppet\workspace\8-2-build-windows-amd64-cygwin\jdk8u73\6086\hotspot\src\share\vm\prims\jni.cpp, line 709]
Event: 1.464 Thread 0x0000000016c9c000 Exception <a 'java/lang/UnsatisfiedLinkError'> (0x00000000eb1870e8) thrown at [D:\re\puppet\workspace\8-2-build-windows-amd64-cygwin\jdk8u73\6086\hotspot\src\share\vm\prims\jvm.cpp, line 3969]
Event: 1.464 Thread 0x0000000016c9c000 Exception <a 'java/lang/UnsatisfiedLinkError'> (0x00000000eb1870e8) thrown at [D:\re\puppet\workspace\8-2-build-windows-amd64-cygwin\jdk8u73\6086\hotspot\src\share\vm\prims\jni.cpp, line 709]
Event: 1.464 Thread 0x0000000016c9c000 Exception <a 'java/lang/UnsatisfiedLinkError'> (0x00000000eb187710) thrown at [D:\re\puppet\workspace\8-2-build-windows-amd64-cygwin\jdk8u73\6086\hotspot\src\share\vm\oops\instanceKlass.cpp, line 948]
Event: 1.465 Thread 0x0000000016c9c000 Exception <a 'java/lang/reflect/InvocationTargetException'> (0x00000000eb188028) thrown at [D:\re\puppet\workspace\8-2-build-windows-amd64-cygwin\jdk8u73\6086\hotspot\src\share\vm\runtime\reflection.cpp, line 1092]
Event: 1.483 Thread 0x0000000016c2c800 Exception <a 'java/lang/ArrayIndexOutOfBoundsException': 145> (0x00000000eb8175f0) thrown at [D:\re\puppet\workspace\8-2-build-windows-amd64-cygwin\jdk8u73\6086\hotspot\src\share\vm\interpreter\interpreterRuntime.cpp, line 366]
Event: 1.484 Thread 0x0000000016c2c800 Exception <a 'java/lang/ArrayIndexOutOfBoundsException': 87> (0x00000000eb820938) thrown at [D:\re\puppet\workspace\8-2-build-windows-amd64-cygwin\jdk8u73\6086\hotspot\src\share\vm\interpreter\interpreterRuntime.cpp, line 366]
Event: 1.485 Thread 0x0000000016c2c800 Exception <a 'java/lang/ArrayIndexOutOfBoundsException': 145> (0x00000000eb822c10) thrown at [D:\re\puppet\workspace\8-2-build-windows-amd64-cygwin\jdk8u73\6086\hotspot\src\share\vm\interpreter\interpreterRuntime.cpp, line 366]
Event: 1.781 Thread 0x0000000016c9c000 Exception <a 'java/lang/NoClassDefFoundError': cl/eye/CLCamera> (0x00000000eb26a0f0) thrown at [D:\re\puppet\workspace\8-2-build-windows-amd64-cygwin\jdk8u73\6086\hotspot\src\share\vm\classfile\systemDictionary.cpp, line 199]

Events (10 events):
Event: 16.789 loading class org/bytedeco/javacpp/swscale
Event: 16.789 loading class org/bytedeco/javacpp/swscale done
Event: 16.789 loading class org/bytedeco/javacpp/presets/swscale
Event: 16.790 loading class org/bytedeco/javacpp/presets/swscale done
Event: 16.914 loading class org/bytedeco/javacpp/swscale$SwsFilter
Event: 16.914 loading class org/bytedeco/javacpp/swscale$SwsFilter done
Event: 16.915 loading class org/bytedeco/javacpp/swscale$SwsVector
Event: 16.915 loading class org/bytedeco/javacpp/swscale$SwsVector done
Event: 16.921 loading class ICCEditor
Event: 16.921 loading class ICCEditor done


Dynamic libraries:
0x00007ff622f60000 - 0x00007ff622f97000 	C:\Program Files\Java\jre1.8.0_73\bin\javaw.exe
0x00007fff1f410000 - 0x00007fff1f5d1000 	C:\WINDOWS\SYSTEM32\ntdll.dll
0x00007fff1d7a0000 - 0x00007fff1d84d000 	C:\WINDOWS\system32\KERNEL32.DLL
0x00007fff1c620000 - 0x00007fff1c808000 	C:\WINDOWS\system32\KERNELBASE.dll
0x00007fff1f200000 - 0x00007fff1f2a7000 	C:\WINDOWS\system32\ADVAPI32.dll
0x00007fff1db90000 - 0x00007fff1dc2d000 	C:\WINDOWS\system32\msvcrt.dll
0x00007fff1cd80000 - 0x00007fff1cddb000 	C:\WINDOWS\system32\sechost.dll
0x00007fff1d610000 - 0x00007fff1d72c000 	C:\WINDOWS\system32\RPCRT4.dll
0x00007fff1c9a0000 - 0x00007fff1caf6000 	C:\WINDOWS\system32\USER32.dll
0x00007fff1c810000 - 0x00007fff1c996000 	C:\WINDOWS\system32\GDI32.dll
0x00007fff0a860000 - 0x00007fff0aad4000 	C:\WINDOWS\WinSxS\amd64_microsoft.windows.common-controls_6595b64144ccf1df_6.0.10586.0_none_8c15ae12515e1c22\COMCTL32.dll
0x00007fff1cb00000 - 0x00007fff1cd7d000 	C:\WINDOWS\system32\combase.dll
0x00007fff1c360000 - 0x00007fff1c3ca000 	C:\WINDOWS\system32\bcryptPrimitives.dll
0x00007fff1da20000 - 0x00007fff1da5b000 	C:\WINDOWS\system32\IMM32.DLL
0x0000000068170000 - 0x0000000068242000 	C:\Program Files\Java\jre1.8.0_73\bin\msvcr100.dll
0x0000000068450000 - 0x0000000068ce0000 	C:\Program Files\Java\jre1.8.0_73\bin\server\jvm.dll
0x00007fff1d790000 - 0x00007fff1d798000 	C:\WINDOWS\system32\PSAPI.DLL
0x00007fff19be0000 - 0x00007fff19c03000 	C:\WINDOWS\SYSTEM32\WINMM.dll
0x00007fff1add0000 - 0x00007fff1adda000 	C:\WINDOWS\SYSTEM32\VERSION.dll
0x00007fff19e70000 - 0x00007fff19e79000 	C:\WINDOWS\SYSTEM32\WSOCK32.dll
0x00007fff1f190000 - 0x00007fff1f1fb000 	C:\WINDOWS\system32\WS2_32.dll
0x00007fff19a90000 - 0x00007fff19abc000 	C:\WINDOWS\SYSTEM32\WINMMBASE.dll
0x00007fff1c280000 - 0x00007fff1c2c3000 	C:\WINDOWS\system32\cfgmgr32.dll
0x0000000068360000 - 0x000000006836f000 	C:\Program Files\Java\jre1.8.0_73\bin\verify.dll
0x0000000068330000 - 0x0000000068359000 	C:\Program Files\Java\jre1.8.0_73\bin\java.dll
0x0000000068310000 - 0x0000000068326000 	C:\Program Files\Java\jre1.8.0_73\bin\zip.dll
0x00007fff1dc30000 - 0x00007fff1f18c000 	C:\WINDOWS\system32\SHELL32.dll
0x00007fff1bb70000 - 0x00007fff1c1b5000 	C:\WINDOWS\system32\windows.storage.dll
0x00007fff1db30000 - 0x00007fff1db82000 	C:\WINDOWS\system32\shlwapi.dll
0x00007fff1ba40000 - 0x00007fff1ba4f000 	C:\WINDOWS\system32\kernel.appcore.dll
0x00007fff1c1c0000 - 0x00007fff1c275000 	C:\WINDOWS\system32\shcore.dll
0x00007fff1ba50000 - 0x00007fff1ba9b000 	C:\WINDOWS\system32\powrprof.dll
0x00007fff1baa0000 - 0x00007fff1bab4000 	C:\WINDOWS\system32\profapi.dll
0x0000000067fd0000 - 0x0000000068168000 	C:\Program Files\Java\jre1.8.0_73\bin\awt.dll
0x00007fff1cff0000 - 0x00007fff1d0b1000 	C:\WINDOWS\system32\OLEAUT32.dll
0x00007fff19ff0000 - 0x00007fff1a069000 	C:\WINDOWS\system32\apphelp.dll
0x00007fff19200000 - 0x00007fff19222000 	C:\WINDOWS\system32\DWMAPI.DLL
0x00007fff1a3b0000 - 0x00007fff1a446000 	C:\WINDOWS\system32\uxtheme.dll
0x00007fff1cde0000 - 0x00007fff1cf3a000 	C:\WINDOWS\system32\MSCTF.dll
0x00007fff0e540000 - 0x00007fff0e5e3000 	C:\Program Files\Common Files\microsoft shared\ink\tiptsf.dll
0x00007fff1f2b0000 - 0x00007fff1f3f3000 	C:\WINDOWS\system32\ole32.dll
0x0000000067f80000 - 0x0000000067fc7000 	C:\Program Files\Java\jre1.8.0_73\bin\fontmanager.dll
0x00007fff1cf40000 - 0x00007fff1cfe7000 	C:\WINDOWS\system32\clbcatq.dll
0x00007fff16a40000 - 0x00007fff16b9c000 	C:\Windows\System32\uiautomationcore.dll
0x00007fff1b190000 - 0x00007fff1b1af000 	C:\Windows\System32\USERENV.dll
0x00007fff1b860000 - 0x00007fff1b8f9000 	C:\WINDOWS\SYSTEM32\sxs.dll
0x00007fff0edb0000 - 0x00007fff0ee1a000 	C:\Windows\System32\OLEACC.dll
0x00007fff10040000 - 0x00007fff100f1000 	C:\WINDOWS\SYSTEM32\twinapi.dll
0x00007fff1a220000 - 0x00007fff1a320000 	C:\WINDOWS\SYSTEM32\twinapi.appcore.dll
0x00007fff1b960000 - 0x00007fff1b989000 	C:\WINDOWS\SYSTEM32\bcrypt.dll
0x0000000068290000 - 0x000000006829d000 	C:\Program Files\Java\jre1.8.0_73\bin\management.dll
0x00000000682f0000 - 0x000000006830a000 	C:\Program Files\Java\jre1.8.0_73\bin\net.dll
0x00007fff1b300000 - 0x00007fff1b35c000 	C:\WINDOWS\system32\mswsock.dll
0x00000000682d0000 - 0x00000000682e1000 	C:\Program Files\Java\jre1.8.0_73\bin\nio.dll
0x0000000067f60000 - 0x0000000067f75000 	C:\Users\ryanj\AppData\Local\Temp\javacpp268868261994950\libusb0.dll
0x00007fff1d0c0000 - 0x00007fff1d4e9000 	C:\WINDOWS\system32\SETUPAPI.dll
0x00007fff0da10000 - 0x00007fff0da44000 	C:\Users\ryanj\AppData\Local\Temp\javacpp268868261994950\freenect.dll
0x00007fff14b10000 - 0x00007fff14b29000 	C:\Users\ryanj\AppData\Local\Temp\javacpp268868261994950\pthreadVC2.dll
0x00000000682a0000 - 0x00000000682c4000 	C:\Program Files\Java\jre1.8.0_73\bin\sunec.dll
0x00007fff0d9e0000 - 0x00007fff0da03000 	C:\Users\ryanj\AppData\Local\Temp\javacpp268868261994950\jnifreenect.dll
0x00007ffefcb10000 - 0x00007ffefcbff000 	C:\Program Files\Java\jre1.8.0_73\bin\MSVCR120.dll
0x00007fff1b3b0000 - 0x00007fff1b3c7000 	C:\WINDOWS\SYSTEM32\CRYPTSP.dll
0x00007fff1b040000 - 0x00007fff1b074000 	C:\WINDOWS\system32\rsaenh.dll
0x00007fff1b4d0000 - 0x00007fff1b4db000 	C:\WINDOWS\SYSTEM32\CRYPTBASE.dll
0x00007fff14400000 - 0x00007fff14438000 	C:\WINDOWS\SYSTEM32\IPHLPAPI.DLL
0x00007fff1f400000 - 0x00007fff1f408000 	C:\WINDOWS\system32\NSI.dll
0x00007fff12540000 - 0x00007fff12556000 	C:\WINDOWS\SYSTEM32\dhcpcsvc6.DLL
0x00007fff12520000 - 0x00007fff1253a000 	C:\WINDOWS\SYSTEM32\dhcpcsvc.DLL
0x00007fff0d930000 - 0x00007fff0d954000 	C:\Users\ryanj\AppData\Local\Temp\javacpp268868261994950\jnivideoInputLib.dll
0x00007ffefd620000 - 0x00007ffefd6c6000 	C:\Program Files\Java\jre1.8.0_73\bin\MSVCP120.dll
0x00007fff13930000 - 0x00007fff13948000 	C:\Windows\System32\devenum.dll
0x00007fff1aca0000 - 0x00007fff1acd1000 	C:\WINDOWS\SYSTEM32\ntmarta.dll
0x00007fff1a450000 - 0x00007fff1a477000 	C:\WINDOWS\SYSTEM32\DEVOBJ.dll
0x00007fff1c3d0000 - 0x00007fff1c425000 	C:\WINDOWS\system32\WINTRUST.dll
0x00007fff1ba30000 - 0x00007fff1ba40000 	C:\WINDOWS\system32\MSASN1.dll
0x00007fff1c450000 - 0x00007fff1c617000 	C:\WINDOWS\system32\CRYPT32.dll
0x00007fff148f0000 - 0x00007fff148fa000 	C:\WINDOWS\SYSTEM32\msdmo.dll
0x00007fff0bc00000 - 0x00007fff0bc34000 	C:\Windows\System32\qcap.dll
0x00007ffefad30000 - 0x00007ffefaefe000 	C:\Windows\System32\quartz.dll
0x00007fff07560000 - 0x00007fff075af000 	C:\Windows\System32\ksproxy.ax
0x00007fff170f0000 - 0x00007fff170f8000 	C:\Windows\System32\ksuser.dll
0x00007ffef9690000 - 0x00007ffef98a0000 	C:\Windows\System32\d3d9.dll
0x00007fff18b50000 - 0x00007fff18ba5000 	C:\WINDOWS\SYSTEM32\policymanager.dll
0x00007fff18a80000 - 0x00007fff18b12000 	C:\Windows\System32\msvcp110_win.dll
0x00007fff13bf0000 - 0x00007fff13bfe000 	C:\Windows\System32\vidcap.ax
0x00007fff0bd50000 - 0x00007fff0bd77000 	C:\Windows\System32\kswdmcap.ax
0x00007ffefc110000 - 0x00007ffefc280000 	C:\Windows\System32\MFC42.dll
0x00007ffefb550000 - 0x00007ffefb600000 	C:\Windows\System32\ODBC32.dll
0x00007fff1b080000 - 0x00007fff1b08a000 	C:\Windows\System32\DPAPI.dll
0x00007ffefb3e0000 - 0x00007ffefb48b000 	C:\Windows\System32\qedit.dll
0x00007fff1d4f0000 - 0x00007fff1d5fb000 	C:\WINDOWS\system32\COMDLG32.dll
0x00007fff0bbd0000 - 0x00007fff0bbf9000 	C:\Windows\System32\MSVFW32.dll
0x00007fff1c2d0000 - 0x00007fff1c356000 	C:\WINDOWS\system32\FirewallAPI.dll
0x00007fff1c430000 - 0x00007fff1c447000 	C:\WINDOWS\system32\NETAPI32.dll
0x00007fff14ab0000 - 0x00007fff14abc000 	C:\Windows\System32\DAVHLPR.DLL
0x00007fff0c1a0000 - 0x00007fff0c348000 	C:\WINDOWS\WinSxS\amd64_microsoft.windows.gdiplus_6595b64144ccf1df_1.1.10586.20_none_db007f1392e69ef4\gdiplus.dll
0x00007fff19e90000 - 0x00007fff19ec2000 	C:\WINDOWS\system32\fwbase.dll
0x00007fff063f0000 - 0x00007fff064ea000 	C:\Windows\System32\DDRAW.dll
0x00007fff0e440000 - 0x00007fff0e448000 	C:\Windows\System32\DCIMAN32.dll
0x00007fff13b90000 - 0x00007fff13b9c000 	C:\WINDOWS\SYSTEM32\msyuv.dll
0x00007ffefb2f0000 - 0x00007ffefb3df000 	C:\Users\ryanj\AppData\Local\Temp\javacpp268868261994950\msvcr120.dll
0x00007fff0a7b0000 - 0x00007fff0a7c6000 	C:\WINDOWS\system32\napinsp.dll
0x00007fff0a7d0000 - 0x00007fff0a7ea000 	C:\WINDOWS\system32\pnrpnsp.dll
0x00007fff18660000 - 0x00007fff18678000 	C:\WINDOWS\system32\NLAapi.dll
0x00007fff1a170000 - 0x00007fff1a21a000 	C:\WINDOWS\SYSTEM32\DNSAPI.dll
0x00007fff0a7f0000 - 0x00007fff0a7fd000 	C:\WINDOWS\System32\winrnr.dll
0x00007fff181d0000 - 0x00007fff181e5000 	C:\WINDOWS\System32\wshbth.dll
0x00007fff0e030000 - 0x00007fff0e03a000 	C:\Windows\System32\rasadhlp.dll
0x00007fff121b0000 - 0x00007fff12217000 	C:\WINDOWS\System32\fwpuclnt.dll
0x00007ffefac80000 - 0x00007ffefad26000 	C:\Users\ryanj\AppData\Local\Temp\javacpp268868261994950\msvcp120.dll
0x00007ffef8e10000 - 0x00007ffef9091000 	C:\Users\ryanj\AppData\Local\Temp\javacpp268868261994950\opencv_core300.dll
0x00007ffef6830000 - 0x00007ffef6baf000 	C:\Users\ryanj\AppData\Local\Temp\javacpp268868261994950\opencv_imgproc300.dll
0x00007ffefa040000 - 0x00007ffefa1f8000 	C:\Users\ryanj\AppData\Local\Temp\javacpp268868261994950\jniopencv_core.dll
0x0000000067ec0000 - 0x0000000067f5c000 	C:\Users\ryanj\AppData\Local\Temp\javacpp268868261994950\avutil-54.dll
0x000000006c980000 - 0x000000006ca2c000 	C:\Users\ryanj\AppData\Local\Temp\javacpp268868261994950\jniavutil.dll
0x0000000067e30000 - 0x0000000067ec0000 	C:\Users\ryanj\AppData\Local\Temp\javacpp268868261994950\swresample-1.dll
0x0000000070180000 - 0x00000000701c6000 	C:\Users\ryanj\AppData\Local\Temp\javacpp268868261994950\jniswresample.dll
0x0000000065d50000 - 0x0000000067e27000 	C:\Users\ryanj\AppData\Local\Temp\javacpp268868261994950\avcodec-56.dll
0x000000001a310000 - 0x000000001a3c4000 	C:\Users\ryanj\AppData\Local\Temp\javacpp268868261994950\jniavcodec.dll
0x00000000656b0000 - 0x0000000065d49000 	C:\Users\ryanj\AppData\Local\Temp\javacpp268868261994950\avformat-56.dll
0x000000001a3d0000 - 0x000000001a476000 	C:\Users\ryanj\AppData\Local\Temp\javacpp268868261994950\jniavformat.dll
0x0000000065610000 - 0x00000000656a2000 	C:\Users\ryanj\AppData\Local\Temp\javacpp268868261994950\swscale-3.dll
0x000000006fa40000 - 0x000000006fa8c000 	C:\Users\ryanj\AppData\Local\Temp\javacpp268868261994950\jniswscale.dll
0x00007ffef8b30000 - 0x00007ffef8cbc000 	C:\WINDOWS\SYSTEM32\dbghelp.dll

VM Arguments:
jvm_args: -Djava.library.path=C:\Users\ryanj\opencv\build\java\x64 -Dfile.encoding=Cp1252 
java_command: ICCRunner
java_class_path (initial): C:\Users\ryanj\Documents\GitHub\CSCD567FinalProject\AmazonS3VideoStreaming\bin;C:\Users\ryanj\javacv-bin\artoolkitplus.jar;C:\Users\ryanj\javacv-bin\artoolkitplus-android-arm.jar;C:\Users\ryanj\javacv-bin\artoolkitplus-android-x86.jar;C:\Users\ryanj\javacv-bin\artoolkitplus-linux-x86.jar;C:\Users\ryanj\javacv-bin\artoolkitplus-linux-x86_64.jar;C:\Users\ryanj\javacv-bin\artoolkitplus-macosx-x86_64.jar;C:\Users\ryanj\javacv-bin\artoolkitplus-windows-x86.jar;C:\Users\ryanj\javacv-bin\artoolkitplus-windows-x86_64.jar;C:\Users\ryanj\javacv-bin\ffmpeg.jar;C:\Users\ryanj\javacv-bin\ffmpeg-android-arm.jar;C:\Users\ryanj\javacv-bin\ffmpeg-android-x86.jar;C:\Users\ryanj\javacv-bin\ffmpeg-linux-x86.jar;C:\Users\ryanj\javacv-bin\ffmpeg-linux-x86_64.jar;C:\Users\ryanj\javacv-bin\ffmpeg-macosx-x86_64.jar;C:\Users\ryanj\javacv-bin\ffmpeg-windows-x86.jar;C:\Users\ryanj\javacv-bin\ffmpeg-windows-x86_64.jar;C:\Users\ryanj\javacv-bin\flandmark.jar;C:\Users\ryanj\javacv-bin\flandmark-android-arm.jar;C:\Users\ryanj\javacv-bin\flandmark-android-x86.jar;C:\Users\ryanj\javacv-bin\flandmark-linux-x86.jar;C:\Users\ryanj\javacv-bin\flandmark-linux-x86_64.jar;C:\Users\ryanj\javacv-bin\flandmark-macosx-x86_64.jar;C:\Users\ryanj\javacv-bin\flandmark-windows-x86.jar;C:\Users\ryanj\javacv-bin\flandmark-windows-x86_64.jar;C:\Users\ryanj\javacv-bin\flycapture.jar;C:\Users\ryanj\javacv-bin\flycapture-linux-x86.jar;C:\Users\ryanj\javacv-bin\flycapture-linux-x86_64.jar;C:\Users\ryanj\javacv-bin\flycapture-windows-x86.jar;C:\Users\ryanj\javacv-bin\flycapture-windows-x86_64.jar;C:\Users\ryanj\javacv-bin\javacpp.jar;C:\Users\ryanj\javacv-bin\javacv.jar;C:\Users\ryanj\javacv-bin\libdc1394.jar;C:\Users\ryanj\javacv-bin\libdc1394-linux-x86.jar;C:\Users\ryanj\javacv-bin\libdc1394-linux-x86_64.jar;C:\Users\ryanj\javacv-bin\libdc1394-macosx-x86_64.jar;C:\Users\ryanj\javacv-bin\libfreenect.jar;C:\Users\ryanj\javacv-bin\libfreenect-linux-x86.jar;C:\Users\ryanj\javacv-bin\libfreenect-l
Launcher Type: SUN_STANDARD

Environment Variables:
PATH=C:/Program Files/Java/jre1.8.0_73/bin/server;C:/Program Files/Java/jre1.8.0_73/bin;C:/Program Files/Java/jre1.8.0_73/lib/amd64;C:\ProgramData\Oracle\Java\javapath;C:\WINDOWS\system32;C:\WINDOWS;C:\WINDOWS\System32\Wbem;C:\WINDOWS\System32\WindowsPowerShell\v1.0\;C:\Program Files (x86)\eclipse;C:\Program Files\Java\jre1.8.0_73\bin;C:\Program Files\Java\jdk1.8.0_73\bin;C:\Users\ryanj\opencv\build\x64\vc14;C:\Users\ryanj\opencv\build\x64\vc14\bin;C:\Users\ryanj\opencv\build;C:\Users\ryanj\opencv\build\bin;C:\Program Files\eclipse;
USERNAME=ryanj
OS=Windows_NT
PROCESSOR_IDENTIFIER=Intel64 Family 6 Model 69 Stepping 1, GenuineIntel



---------------  S Y S T E M  ---------------

OS: Windows 10.0 , 64 bit Build 10586 (10.0.10586.0)

CPU:total 4 (2 cores per cpu, 2 threads per core) family 6 model 69 stepping 1, cmov, cx8, fxsr, mmx, sse, sse2, sse3, ssse3, sse4.1, sse4.2, popcnt, avx, avx2, aes, clmul, erms, lzcnt, ht, tsc, tscinvbit, bmi1, bmi2

Memory: 4k page, physical 4104472k(1288284k free), swap 5216876k(1089524k free)

vm_info: Java HotSpot(TM) 64-Bit Server VM (25.73-b02) for windows-amd64 JRE (1.8.0_73-b02), built on Jan 29 2016 17:38:49 by "java_re" with MS VC++ 10.0 (VS2010)

time: Sat Mar 12 14:32:14 2016
elapsed time: 17 seconds (0d 0h 0m 17s)

