#
# A fatal error has been detected by the Java Runtime Environment:
#
#  Internal Error (os_linux_zero.cpp:285), pid=1354, tid=1416303712
#  fatal error: caught unhandled signal 11
#
# JRE version: OpenJDK Runtime Environment (7.0_95) (build 1.7.0_95-b00)
# Java VM: OpenJDK Zero VM (24.95-b01 mixed mode linux-arm )
# Derivative: IcedTea 2.6.4
# Distribution: Raspbian GNU/Linux 8.0 (jessie), package 7u95-2.6.4-1~deb8u1+rpi1
# Failed to write core dump. Core dumps have been disabled. To enable core dumping, try "ulimit -c unlimited" before starting Java again
#
# If you would like to submit a bug report, please include
# instructions on how to reproduce the bug and visit:
#   http://icedtea.classpath.org/bugzilla
#

---------------  T H R E A D  ---------------

Current thread (0x75c60658):  VMThread [stack: 0x54633000,0x546b2000] [id=1360]

Stack: [0x54633000,0x546b2000],  sp=0x546b06c4,  free space=501k
VM_Operation (0x505b2f08): GenCollectForAllocation, mode: safepoint, requested by thread 0x53f01e10


---------------  P R O C E S S  ---------------

Java Threads: ( => current thread )
  0x0053d6e8 JavaThread "s3-transfer-manager-worker-10" [_thread_blocked, id=1390, stack(0x4edc0000,0x4ef60000)]
  0x0053c1b8 JavaThread "s3-transfer-manager-worker-9" [_thread_blocked, id=1388, stack(0x4ef60000,0x4f100000)]
  0x00539050 JavaThread "s3-transfer-manager-worker-8" [_thread_blocked, id=1385, stack(0x4f2a0000,0x4f440000)]
  0x00537b58 JavaThread "s3-transfer-manager-worker-7" [_thread_blocked, id=1384, stack(0x4f440000,0x4f5e0000)]
  0x00536660 JavaThread "s3-transfer-manager-worker-6" [_thread_blocked, id=1383, stack(0x4f5e0000,0x4f780000)]
  0x00535168 JavaThread "s3-transfer-manager-worker-5" [_thread_blocked, id=1382, stack(0x4f780000,0x4f920000)]
  0x00533c70 JavaThread "s3-transfer-manager-worker-4" [_thread_blocked, id=1381, stack(0x4f920000,0x4fac0000)]
  0x005327e0 JavaThread "s3-transfer-manager-worker-3" [_thread_blocked, id=1380, stack(0x4fac0000,0x4fc60000)]
  0x00530220 JavaThread "s3-transfer-manager-worker-2" [_thread_blocked, id=1379, stack(0x4fc60000,0x4fe00000)]
  0x004b9238 JavaThread "s3-transfer-manager-worker-1" [_thread_blocked, id=1378, stack(0x50131000,0x502d1000)]
  0x75c06948 JavaThread "DestroyJavaVM" [_thread_blocked, id=1355, stack(0x75d38000,0x75ed7000)]
  0x530bc5f0 JavaThread "Thread-0" [_thread_in_native, id=1377, stack(0x50340000,0x504e0000)]
  0x53f01e10 JavaThread "AWT-EventQueue-0" [_thread_blocked, id=1374, stack(0x504e0000,0x50680000)]
  0x530cc8f8 JavaThread "AWT-Shutdown" [_thread_blocked, id=1373, stack(0x50680000,0x50820000)]
  0x50d549a0 JavaThread "Thread-4" [_thread_blocked, id=1372, stack(0x50820000,0x509c0000)]
  0x50d371c0 JavaThread "AWT-XAWT" daemon [_thread_in_native, id=1371, stack(0x509c0000,0x50b60000)]
  0x52ef89c0 JavaThread "Java2D Disposer" daemon [_thread_blocked, id=1370, stack(0x50b60000,0x50d00000)]
  0x0047e090 JavaThread "java-sdk-http-connection-reaper" daemon [_thread_blocked, id=1369, stack(0x516a2000,0x51842000)]
  0x52e86e90 JavaThread "Thread-1" [_thread_blocked, id=1366, stack(0x52118000,0x522b8000)]
  0x75c77850 JavaThread "Service Thread" daemon [_thread_blocked, id=1364, stack(0x53860000,0x53a00000)]
  0x75c75df8 JavaThread "Signal Dispatcher" daemon [_thread_blocked, id=1363, stack(0x53bd7000,0x53d77000)]
  0x75c644f8 JavaThread "Finalizer" daemon [_thread_blocked, id=1362, stack(0x54060000,0x54200000)]
  0x75c62f80 JavaThread "Reference Handler" daemon [_thread_blocked, id=1361, stack(0x54360000,0x54500000)]

Other Threads:
=>0x75c60658 VMThread [stack: 0x54633000,0x546b2000] [id=1360]
  0x75c794e8 WatcherThread [stack: 0x53b58000,0x53bd7000] [id=1365]

VM state:synchronizing (normal execution)

VM Mutex/Monitor currently owned by a thread:  ([mutex/lock_event])
[0x75c05af0] Safepoint_lock - owner thread: 0x75c60658
[0x75c05b58] Threads_lock - owner thread: 0x75c60658
[0x75c05f68] Heap_lock - owner thread: 0x53f01e10

Heap
 def new generation   total 7680K, used 7070K [0x54a00000, 0x55240000, 0x5da00000)
  eden space 6912K,  99% used [0x54a00000, 0x550bfff8, 0x550c0000)
  from space 768K,  20% used [0x550c0000, 0x550e7b28, 0x55180000)
  to   space 768K,   0% used [0x55180000, 0x55180000, 0x55240000)
 tenured generation   total 16588K, used 11708K [0x5da00000, 0x5ea33000, 0x6fa00000)
   the space 16588K,  70% used [0x5da00000, 0x5e56f190, 0x5e56f200, 0x5ea33000)
 compacting perm gen  total 16640K, used 16485K [0x6fa00000, 0x70a40000, 0x73a00000)
   the space 16640K,  99% used [0x6fa00000, 0x70a19610, 0x70a19800, 0x70a40000)
No shared spaces configured.

Card table byte_map: [0x54907000,0x54a00000] byte_map_base: 0x54662000

Polling page: 0x76f88000

Code Cache  [0x73b42000, 0x73b6a000, 0x75b42000)
 total_blobs=353 nmethods=0 adapters=346 free_code_cache=32680Kb largest_free_block=33465280

Compilation events (0 events):
No events

GC Heap History (10 events):
Event: 357.355 GC heap before
{Heap before GC invocations=1511 (full 169):
 def new generation   total 7680K, used 7018K [0x54a00000, 0x55240000, 0x5da00000)
  eden space 6912K,  99% used [0x54a00000, 0x550bf730, 0x550c0000)
  from space 768K,  14% used [0x55180000, 0x5519b398, 0x55240000)
  to   space 768K,   0% used [0x550c0000, 0x550c0000, 0x55180000)
 tenured generation   total 16588K, used 14195K [0x5da00000, 0x5ea33000, 0x6fa00000)
   the space 16588K,  85% used [0x5da00000, 0x5e7dcec8, 0x5e7dd000, 0x5ea33000)
 compacting perm gen  total 16640K, used 16485K [0x6fa00000, 0x70a40000, 0x73a00000)
   the space 16640K,  99% used [0x6fa00000, 0x70a19610, 0x70a19800, 0x70a40000)
No shared spaces configured.
Event: 357.359 GC heap after
Heap after GC invocations=1512 (full 169):
 def new generation   total 7680K, used 158K [0x54a00000, 0x55240000, 0x5da00000)
  eden space 6912K,   0% used [0x54a00000, 0x54a00000, 0x550c0000)
  from space 768K,  20% used [0x550c0000, 0x550e7900, 0x55180000)
  to   space 768K,   0% used [0x55180000, 0x55180000, 0x55240000)
 tenured generation   total 16588K, used 15439K [0x5da00000, 0x5ea33000, 0x6fa00000)
   the space 16588K,  93% used [0x5da00000, 0x5e913f68, 0x5e914000, 0x5ea33000)
 compacting perm gen  total 16640K, used 16485K [0x6fa00000, 0x70a40000, 0x73a00000)
   the space 16640K,  99% used [0x6fa00000, 0x70a19610, 0x70a19800, 0x70a40000)
No shared spaces configured.
}
Event: 357.600 GC heap before
{Heap before GC invocations=1512 (full 169):
 def new generation   total 7680K, used 7070K [0x54a00000, 0x55240000, 0x5da00000)
  eden space 6912K, 100% used [0x54a00000, 0x550c0000, 0x550c0000)
  from space 768K,  20% used [0x550c0000, 0x550e7900, 0x55180000)
  to   space 768K,   0% used [0x55180000, 0x55180000, 0x55240000)
 tenured generation   total 16588K, used 15439K [0x5da00000, 0x5ea33000, 0x6fa00000)
   the space 16588K,  93% used [0x5da00000, 0x5e913f68, 0x5e914000, 0x5ea33000)
 compacting perm gen  total 16640K, used 16485K [0x6fa00000, 0x70a40000, 0x73a00000)
   the space 16640K,  99% used [0x6fa00000, 0x70a19610, 0x70a19800, 0x70a40000)
No shared spaces configured.
Event: 357.794 GC heap after
Heap after GC invocations=1513 (full 170):
 def new generation   total 7680K, used 0K [0x54a00000, 0x55240000, 0x5da00000)
  eden space 6912K,   0% used [0x54a00000, 0x54a00000, 0x550c0000)
  from space 768K,   0% used [0x55180000, 0x55180000, 0x55240000)
  to   space 768K,   0% used [0x550c0000, 0x550c0000, 0x55180000)
 tenured generation   total 16588K, used 7975K [0x5da00000, 0x5ea33000, 0x6fa00000)
   the space 16588K,  48% used [0x5da00000, 0x5e1c9fb0, 0x5e1ca000, 0x5ea33000)
 compacting perm gen  total 16640K, used 16485K [0x6fa00000, 0x70a40000, 0x73a00000)
   the space 16640K,  99% used [0x6fa00000, 0x70a19610, 0x70a19800, 0x70a40000)
No shared spaces configured.
}
Event: 358.017 GC heap before
{Heap before GC invocations=1513 (full 170):
 def new generation   total 7680K, used 6911K [0x54a00000, 0x55240000, 0x5da00000)
  eden space 6912K,  99% used [0x54a00000, 0x550bfff8, 0x550c0000)
  from space 768K,   0% used [0x55180000, 0x55180000, 0x55240000)
  to   space 768K,   0% used [0x550c0000, 0x550c0000, 0x55180000)
 tenured generation   total 16588K, used 7975K [0x5da00000, 0x5ea33000, 0x6fa00000)
   the space 16588K,  48% used [0x5da00000, 0x5e1c9fb0, 0x5e1ca000, 0x5ea33000)
 compacting perm gen  total 16640K, used 16485K [0x6fa00000, 0x70a40000, 0x73a00000)
   the space 16640K,  99% used [0x6fa00000, 0x70a19610, 0x70a19800, 0x70a40000)
No shared spaces configured.
Event: 358.021 GC heap after
Heap after GC invocations=1514 (full 170):
 def new generation   total 7680K, used 158K [0x54a00000, 0x55240000, 0x5da00000)
  eden space 6912K,   0% used [0x54a00000, 0x54a00000, 0x550c0000)
  from space 768K,  20% used [0x550c0000, 0x550e7860, 0x55180000)
  to   space 768K,   0% used [0x55180000, 0x55180000, 0x55240000)
 tenured generation   total 16588K, used 9220K [0x5da00000, 0x5ea33000, 0x6fa00000)
   the space 16588K,  55% used [0x5da00000, 0x5e301050, 0x5e301200, 0x5ea33000)
 compacting perm gen  total 16640K, used 16485K [0x6fa00000, 0x70a40000, 0x73a00000)
   the space 16640K,  99% used [0x6fa00000, 0x70a19610, 0x70a19800, 0x70a40000)
No shared spaces configured.
}
Event: 358.255 GC heap before
{Heap before GC invocations=1514 (full 170):
 def new generation   total 7680K, used 7070K [0x54a00000, 0x55240000, 0x5da00000)
  eden space 6912K, 100% used [0x54a00000, 0x550c0000, 0x550c0000)
  from space 768K,  20% used [0x550c0000, 0x550e7860, 0x55180000)
  to   space 768K,   0% used [0x55180000, 0x55180000, 0x55240000)
 tenured generation   total 16588K, used 9220K [0x5da00000, 0x5ea33000, 0x6fa00000)
   the space 16588K,  55% used [0x5da00000, 0x5e301050, 0x5e301200, 0x5ea33000)
 compacting perm gen  total 16640K, used 16485K [0x6fa00000, 0x70a40000, 0x73a00000)
   the space 16640K,  99% used [0x6fa00000, 0x70a19610, 0x70a19800, 0x70a40000)
No shared spaces configured.
Event: 358.258 GC heap after
Heap after GC invocations=1515 (full 170):
 def new generation   total 7680K, used 109K [0x54a00000, 0x55240000, 0x5da00000)
  eden space 6912K,   0% used [0x54a00000, 0x54a00000, 0x550c0000)
  from space 768K,  14% used [0x55180000, 0x5519b658, 0x55240000)
  to   space 768K,   0% used [0x550c0000, 0x550c0000, 0x55180000)
 tenured generation   total 16588K, used 10464K [0x5da00000, 0x5ea33000, 0x6fa00000)
   the space 16588K,  63% used [0x5da00000, 0x5e4380f0, 0x5e438200, 0x5ea33000)
 compacting perm gen  total 16640K, used 16485K [0x6fa00000, 0x70a40000, 0x73a00000)
   the space 16640K,  99% used [0x6fa00000, 0x70a19610, 0x70a19800, 0x70a40000)
No shared spaces configured.
}
Event: 358.490 GC heap before
{Heap before GC invocations=1515 (full 170):
 def new generation   total 7680K, used 7020K [0x54a00000, 0x55240000, 0x5da00000)
  eden space 6912K,  99% used [0x54a00000, 0x550bfd90, 0x550c0000)
  from space 768K,  14% used [0x55180000, 0x5519b658, 0x55240000)
  to   space 768K,   0% used [0x550c0000, 0x550c0000, 0x55180000)
 tenured generation   total 16588K, used 10464K [0x5da00000, 0x5ea33000, 0x6fa00000)
   the space 16588K,  63% used [0x5da00000, 0x5e4380f0, 0x5e438200, 0x5ea33000)
 compacting perm gen  total 16640K, used 16485K [0x6fa00000, 0x70a40000, 0x73a00000)
   the space 16640K,  99% used [0x6fa00000, 0x70a19610, 0x70a19800, 0x70a40000)
No shared spaces configured.
Event: 358.494 GC heap after
Heap after GC invocations=1516 (full 170):
 def new generation   total 7680K, used 158K [0x54a00000, 0x55240000, 0x5da00000)
  eden space 6912K,   0% used [0x54a00000, 0x54a00000, 0x550c0000)
  from space 768K,  20% used [0x550c0000, 0x550e7b28, 0x55180000)
  to   space 768K,   0% used [0x55180000, 0x55180000, 0x55240000)
 tenured generation   total 16588K, used 11708K [0x5da00000, 0x5ea33000, 0x6fa00000)
   the space 16588K,  70% used [0x5da00000, 0x5e56f190, 0x5e56f200, 0x5ea33000)
 compacting perm gen  total 16640K, used 16485K [0x6fa00000, 0x70a40000, 0x73a00000)
   the space 16640K,  99% used [0x6fa00000, 0x70a19610, 0x70a19800, 0x70a40000)
No shared spaces configured.
}

Deoptimization events (0 events):
No events

Internal exceptions (10 events):
Event: 346.829 Thread 0x50dc9268 Threw 0x54c2e510 at /build/openjdk-7-LyTTnT/openjdk-7-7u95-2.6.4/build/openjdk/hotspot/src/share/vm/prims/jni.cpp:747
Event: 346.830 Thread 0x50dc9268 Threw 0x54c35438 at /build/openjdk-7-LyTTnT/openjdk-7-7u95-2.6.4/build/openjdk/hotspot/src/share/vm/prims/jni.cpp:747
Event: 351.828 Thread 0x0053d6e8 Threw 0x54cf0418 at /build/openjdk-7-LyTTnT/openjdk-7-7u95-2.6.4/build/openjdk/hotspot/src/share/vm/prims/jni.cpp:747
Event: 351.829 Thread 0x0053d6e8 Threw 0x54cf93d8 at /build/openjdk-7-LyTTnT/openjdk-7-7u95-2.6.4/build/openjdk/hotspot/src/share/vm/prims/jni.cpp:747
Event: 351.836 Thread 0x50d8b4a0 Threw 0x54d24230 at /build/openjdk-7-LyTTnT/openjdk-7-7u95-2.6.4/build/openjdk/hotspot/src/share/vm/prims/jni.cpp:747
Event: 351.838 Thread 0x50d8b4a0 Threw 0x54d2bd30 at /build/openjdk-7-LyTTnT/openjdk-7-7u95-2.6.4/build/openjdk/hotspot/src/share/vm/prims/jni.cpp:747
Event: 356.812 Thread 0x50dc9340 Threw 0x54e63e20 at /build/openjdk-7-LyTTnT/openjdk-7-7u95-2.6.4/build/openjdk/hotspot/src/share/vm/prims/jni.cpp:747
Event: 356.813 Thread 0x50dc9340 Threw 0x54e6aa90 at /build/openjdk-7-LyTTnT/openjdk-7-7u95-2.6.4/build/openjdk/hotspot/src/share/vm/prims/jni.cpp:747
Event: 356.813 Thread 0x004b9238 Threw 0x54e6ab20 at /build/openjdk-7-LyTTnT/openjdk-7-7u95-2.6.4/build/openjdk/hotspot/src/share/vm/prims/jni.cpp:747
Event: 356.814 Thread 0x004b9238 Threw 0x54e70b00 at /build/openjdk-7-LyTTnT/openjdk-7-7u95-2.6.4/build/openjdk/hotspot/src/share/vm/prims/jni.cpp:747

Events (10 events):
Event: 357.359 Executing VM operation: GenCollectForAllocation done
Event: 357.597 Executing VM operation: GenCollectForAllocation
Event: 357.795 Executing VM operation: GenCollectForAllocation done
Event: 358.017 Executing VM operation: GenCollectForAllocation
Event: 358.021 Executing VM operation: GenCollectForAllocation done
Event: 358.255 Executing VM operation: GenCollectForAllocation
Event: 358.259 Executing VM operation: GenCollectForAllocation done
Event: 358.490 Executing VM operation: GenCollectForAllocation
Event: 358.494 Executing VM operation: GenCollectForAllocation done
Event: 358.737 Executing VM operation: GenCollectForAllocation


Dynamic libraries:
00010000-00011000 r-xp 00000000 b3:07 286996     /usr/lib/jvm/java-7-openjdk-armhf/jre/bin/java
00020000-00021000 r--p 00000000 b3:07 286996     /usr/lib/jvm/java-7-openjdk-armhf/jre/bin/java
00021000-00022000 rw-p 00001000 b3:07 286996     /usr/lib/jvm/java-7-openjdk-armhf/jre/bin/java
001c3000-00559000 rw-p 00000000 00:00 0          [heap]
4edc0000-4edc3000 ---p 00000000 00:00 0 
4edc3000-4ef60000 rwxp 00000000 00:00 0          [stack:1390]
4ef60000-4ef63000 ---p 00000000 00:00 0 
4ef63000-4f100000 rwxp 00000000 00:00 0          [stack:1388]
4f100000-4f103000 ---p 00000000 00:00 0 
4f103000-4f2a0000 rwxp 00000000 00:00 0 
4f2a0000-4f2a3000 ---p 00000000 00:00 0 
4f2a3000-4f440000 rwxp 00000000 00:00 0          [stack:1385]
4f440000-4f443000 ---p 00000000 00:00 0 
4f443000-4f5e0000 rwxp 00000000 00:00 0          [stack:1384]
4f5e0000-4f5e3000 ---p 00000000 00:00 0 
4f5e3000-4f780000 rwxp 00000000 00:00 0          [stack:1383]
4f780000-4f783000 ---p 00000000 00:00 0 
4f783000-4f920000 rwxp 00000000 00:00 0          [stack:1382]
4f920000-4f923000 ---p 00000000 00:00 0 
4f923000-4fac0000 rwxp 00000000 00:00 0          [stack:1381]
4fac0000-4fac3000 ---p 00000000 00:00 0 
4fac3000-4fc60000 rwxp 00000000 00:00 0          [stack:1380]
4fc60000-4fc63000 ---p 00000000 00:00 0 
4fc63000-4fe00000 rwxp 00000000 00:00 0          [stack:1379]
4fe00000-4fe92000 rw-p 00000000 00:00 0 
4fe92000-4ff00000 ---p 00000000 00:00 0 
4ffa7000-50037000 rw-s 00000000 00:05 3080198    /SYSV00000000 (deleted)
50037000-5003b000 r-xp 00000000 b3:07 677391     /lib/arm-linux-gnueabihf/libnss_dns-2.19.so
5003b000-5004a000 ---p 00004000 b3:07 677391     /lib/arm-linux-gnueabihf/libnss_dns-2.19.so
5004a000-5004b000 r--p 00003000 b3:07 677391     /lib/arm-linux-gnueabihf/libnss_dns-2.19.so
5004b000-5004c000 rw-p 00004000 b3:07 677391     /lib/arm-linux-gnueabihf/libnss_dns-2.19.so
5004c000-5004e000 r-xp 00000000 b3:07 672932     /lib/arm-linux-gnueabihf/libnss_mdns4_minimal.so.2
5004e000-50055000 ---p 00002000 b3:07 672932     /lib/arm-linux-gnueabihf/libnss_mdns4_minimal.so.2
50055000-50056000 r--p 00001000 b3:07 672932     /lib/arm-linux-gnueabihf/libnss_mdns4_minimal.so.2
50056000-50057000 rw-p 00002000 b3:07 672932     /lib/arm-linux-gnueabihf/libnss_mdns4_minimal.so.2
50057000-5007c000 rw-p 00000000 00:00 0 
5007c000-500a0000 rw-s 0006c000 00:06 1546       /dev/video0
500a0000-500c4000 rw-s 00048000 00:06 1546       /dev/video0
500c4000-500e8000 rw-s 00024000 00:06 1546       /dev/video0
500e8000-5010d000 rw-p 00000000 00:00 0 
5010d000-50131000 rw-s 00000000 00:06 1546       /dev/video0
50131000-50134000 ---p 00000000 00:00 0 
50134000-502d1000 rwxp 00000000 00:00 0          [stack:1378]
502d1000-50305000 r-xp 00000000 b3:07 156211     /usr/lib/arm-linux-gnueabihf/libjpeg.so.62.1.0
50305000-50314000 ---p 00034000 b3:07 156211     /usr/lib/arm-linux-gnueabihf/libjpeg.so.62.1.0
50314000-50315000 r--p 00033000 b3:07 156211     /usr/lib/arm-linux-gnueabihf/libjpeg.so.62.1.0
50315000-50316000 rw-p 00034000 b3:07 156211     /usr/lib/arm-linux-gnueabihf/libjpeg.so.62.1.0
50316000-50326000 rw-p 00000000 00:00 0 
50326000-5032f000 r-xp 00000000 b3:07 286928     /usr/lib/jvm/java-7-openjdk-armhf/jre/lib/arm/libjavajpeg.so
5032f000-5033e000 ---p 00009000 b3:07 286928     /usr/lib/jvm/java-7-openjdk-armhf/jre/lib/arm/libjavajpeg.so
5033e000-5033f000 r--p 00008000 b3:07 286928     /usr/lib/jvm/java-7-openjdk-armhf/jre/lib/arm/libjavajpeg.so
5033f000-50340000 rw-p 00009000 b3:07 286928     /usr/lib/jvm/java-7-openjdk-armhf/jre/lib/arm/libjavajpeg.so
50340000-50343000 ---p 00000000 00:00 0 
50343000-504e0000 rwxp 00000000 00:00 0          [stack:1377]
504e0000-504e3000 ---p 00000000 00:00 0 
504e3000-50680000 rwxp 00000000 00:00 0          [stack:1374]
50680000-50683000 ---p 00000000 00:00 0 
50683000-50820000 rwxp 00000000 00:00 0          [stack:1373]
50820000-50823000 ---p 00000000 00:00 0 
50823000-509c0000 rwxp 00000000 00:00 0          [stack:1372]
509c0000-509c3000 ---p 00000000 00:00 0 
509c3000-50b60000 rwxp 00000000 00:00 0          [stack:1371]
50b60000-50b63000 ---p 00000000 00:00 0 
50b63000-50d00000 rwxp 00000000 00:00 0          [stack:1370]
50d00000-50dff000 rw-p 00000000 00:00 0 
50dff000-50e00000 ---p 00000000 00:00 0 
50e01000-50e05000 r-xp 00000000 b3:07 156141     /usr/lib/arm-linux-gnueabihf/libXfixes.so.3.1.0
50e05000-50e0c000 ---p 00004000 b3:07 156141     /usr/lib/arm-linux-gnueabihf/libXfixes.so.3.1.0
50e0c000-50e0d000 r--p 00003000 b3:07 156141     /usr/lib/arm-linux-gnueabihf/libXfixes.so.3.1.0
50e0d000-50e0e000 rw-p 00004000 b3:07 156141     /usr/lib/arm-linux-gnueabihf/libXfixes.so.3.1.0
50e0e000-50e16000 r-xp 00000000 b3:07 156771     /usr/lib/arm-linux-gnueabihf/libXcursor.so.1.0.2
50e16000-50e1d000 ---p 00008000 b3:07 156771     /usr/lib/arm-linux-gnueabihf/libXcursor.so.1.0.2
50e1d000-50e1e000 r--p 00007000 b3:07 156771     /usr/lib/arm-linux-gnueabihf/libXcursor.so.1.0.2
50e1e000-50e1f000 rw-p 00008000 b3:07 156771     /usr/lib/arm-linux-gnueabihf/libXcursor.so.1.0.2
50e1f000-50e5a000 r-xp 00000000 b3:07 673044     /lib/arm-linux-gnueabihf/libdbus-1.so.3.8.13
50e5a000-50e69000 ---p 0003b000 b3:07 673044     /lib/arm-linux-gnueabihf/libdbus-1.so.3.8.13
50e69000-50e6a000 r--p 0003a000 b3:07 673044     /lib/arm-linux-gnueabihf/libdbus-1.so.3.8.13
50e6a000-50e6b000 rw-p 0003b000 b3:07 673044     /lib/arm-linux-gnueabihf/libdbus-1.so.3.8.13
50e6b000-50ecc000 r-xp 00000000 b3:07 156566     /usr/lib/arm-linux-gnueabihf/libgmp.so.10.2.0
50ecc000-50edb000 ---p 00061000 b3:07 156566     /usr/lib/arm-linux-gnueabihf/libgmp.so.10.2.0
50edb000-50edc000 r--p 00060000 b3:07 156566     /usr/lib/arm-linux-gnueabihf/libgmp.so.10.2.0
50edc000-50edd000 rw-p 00061000 b3:07 156566     /usr/lib/arm-linux-gnueabihf/libgmp.so.10.2.0
50edd000-50f04000 r-xp 00000000 b3:07 142372     /usr/lib/arm-linux-gnueabihf/libhogweed.so.2.5
50f04000-50f14000 ---p 00027000 b3:07 142372     /usr/lib/arm-linux-gnueabihf/libhogweed.so.2.5
50f14000-50f15000 r--p 00027000 b3:07 142372     /usr/lib/arm-linux-gnueabihf/libhogweed.so.2.5
50f15000-50f16000 rw-p 00028000 b3:07 142372     /usr/lib/arm-linux-gnueabihf/libhogweed.so.2.5
50f16000-50f45000 r-xp 00000000 b3:07 148936     /usr/lib/arm-linux-gnueabihf/libnettle.so.4.7
50f45000-50f54000 ---p 0002f000 b3:07 148936     /usr/lib/arm-linux-gnueabihf/libnettle.so.4.7
50f54000-50f55000 r--p 0002e000 b3:07 148936     /usr/lib/arm-linux-gnueabihf/libnettle.so.4.7
50f55000-50f56000 rw-p 0002f000 b3:07 148936     /usr/lib/arm-linux-gnueabihf/libnettle.so.4.7
50f56000-50f64000 r-xp 00000000 b3:07 155129     /usr/lib/arm-linux-gnueabihf/libtasn1.so.6.3.2
50f64000-50f74000 ---p 0000e000 b3:07 155129     /usr/lib/arm-linux-gnueabihf/libtasn1.so.6.3.2
50f74000-50f75000 r--p 0000e000 b3:07 155129     /usr/lib/arm-linux-gnueabihf/libtasn1.so.6.3.2
50f75000-50f76000 rw-p 0000f000 b3:07 155129     /usr/lib/arm-linux-gnueabihf/libtasn1.so.6.3.2
50f76000-50fa2000 r-xp 00000000 b3:07 156574     /usr/lib/arm-linux-gnueabihf/libp11-kit.so.0.0.0
50fa2000-50fb1000 ---p 0002c000 b3:07 156574     /usr/lib/arm-linux-gnueabihf/libp11-kit.so.0.0.0
50fb1000-50fb6000 r--p 0002b000 b3:07 156574     /usr/lib/arm-linux-gnueabihf/libp11-kit.so.0.0.0
50fb6000-50fb7000 rw-p 00030000 b3:07 156574     /usr/lib/arm-linux-gnueabihf/libp11-kit.so.0.0.0
50fb7000-50fb9000 r-xp 00000000 b3:07 672966     /lib/arm-linux-gnueabihf/libkeyutils.so.1.5
50fb9000-50fc0000 ---p 00002000 b3:07 672966     /lib/arm-linux-gnueabihf/libkeyutils.so.1.5
50fc0000-50fc1000 r--p 00001000 b3:07 672966     /lib/arm-linux-gnueabihf/libkeyutils.so.1.5
50fc1000-50fc2000 rw-p 00002000 b3:07 672966     /lib/arm-linux-gnueabihf/libkeyutils.so.1.5
50fc2000-50fca000 r-xp 00000000 b3:07 156733     /usr/lib/arm-linux-gnueabihf/libkrb5support.so.0.1
50fca000-50fd9000 ---p 00008000 b3:07 156733     /usr/lib/arm-linux-gnueabihf/libkrb5support.so.0.1
50fd9000-50fda000 r--p 00007000 b3:07 156733     /usr/lib/arm-linux-gnueabihf/libkrb5support.so.0.1
50fda000-50fdb000 rw-p 00008000 b3:07 156733     /usr/lib/arm-linux-gnueabihf/libkrb5support.so.0.1
50fdb000-50fdd000 r-xp 00000000 b3:07 672834     /lib/arm-linux-gnueabihf/libcom_err.so.2.1
50fdd000-50fec000 ---p 00002000 b3:07 672834     /lib/arm-linux-gnueabihf/libcom_err.so.2.1
50fec000-50fed000 r--p 00001000 b3:07 672834     /lib/arm-linux-gnueabihf/libcom_err.so.2.1
50fed000-50fee000 rw-p 00002000 b3:07 672834     /lib/arm-linux-gnueabihf/libcom_err.so.2.1
50fee000-51019000 r-xp 00000000 b3:07 156139     /usr/lib/arm-linux-gnueabihf/libk5crypto.so.3.1
51019000-51029000 ---p 0002b000 b3:07 156139     /usr/lib/arm-linux-gnueabihf/libk5crypto.so.3.1
51029000-5102a000 r--p 0002b000 b3:07 156139     /usr/lib/arm-linux-gnueabihf/libk5crypto.so.3.1
5102a000-5102b000 rw-p 0002c000 b3:07 156139     /usr/lib/arm-linux-gnueabihf/libk5crypto.so.3.1
5102b000-5102c000 rw-p 00000000 00:00 0 
5102c000-510c9000 r-xp 00000000 b3:07 155097     /usr/lib/arm-linux-gnueabihf/libkrb5.so.3.3
510c9000-510d8000 ---p 0009d000 b3:07 155097     /usr/lib/arm-linux-gnueabihf/libkrb5.so.3.3
510d8000-510de000 r--p 0009c000 b3:07 155097     /usr/lib/arm-linux-gnueabihf/libkrb5.so.3.3
510de000-510e0000 rw-p 000a2000 b3:07 155097     /usr/lib/arm-linux-gnueabihf/libkrb5.so.3.3
510e0000-510e4000 r-xp 00000000 b3:07 154934     /usr/lib/arm-linux-gnueabihf/libXdmcp.so.6.0.0
510e4000-510eb000 ---p 00004000 b3:07 154934     /usr/lib/arm-linux-gnueabihf/libXdmcp.so.6.0.0
510eb000-510ec000 rw-p 00003000 b3:07 154934     /usr/lib/arm-linux-gnueabihf/libXdmcp.so.6.0.0
510ec000-510ee000 r-xp 00000000 b3:07 156195     /usr/lib/arm-linux-gnueabihf/libXau.so.6.0.0
510ee000-510f5000 ---p 00002000 b3:07 156195     /usr/lib/arm-linux-gnueabihf/libXau.so.6.0.0
510f5000-510f6000 r--p 00001000 b3:07 156195     /usr/lib/arm-linux-gnueabihf/libXau.so.6.0.0
510f6000-510f7000 rw-p 00002000 b3:07 156195     /usr/lib/arm-linux-gnueabihf/libXau.so.6.0.0
510f7000-51116000 r-xp 00000000 b3:07 672841     /lib/arm-linux-gnueabihf/libexpat.so.1.6.0
51116000-51126000 ---p 0001f000 b3:07 672841     /lib/arm-linux-gnueabihf/libexpat.so.1.6.0
51126000-51128000 r--p 0001f000 b3:07 672841     /lib/arm-linux-gnueabihf/libexpat.so.1.6.0
51128000-51129000 rw-p 00021000 b3:07 672841     /lib/arm-linux-gnueabihf/libexpat.so.1.6.0
51129000-51137000 r-xp 00000000 b3:07 154972     /usr/lib/arm-linux-gnueabihf/libavahi-client.so.3.2.9
51137000-51146000 ---p 0000e000 b3:07 154972     /usr/lib/arm-linux-gnueabihf/libavahi-client.so.3.2.9
51146000-51147000 r--p 0000d000 b3:07 154972     /usr/lib/arm-linux-gnueabihf/libavahi-client.so.3.2.9
51147000-51148000 rw-p 0000e000 b3:07 154972     /usr/lib/arm-linux-gnueabihf/libavahi-client.so.3.2.9
51148000-51152000 r-xp 00000000 b3:07 154978     /usr/lib/arm-linux-gnueabihf/libavahi-common.so.3.5.3
51152000-51161000 ---p 0000a000 b3:07 154978     /usr/lib/arm-linux-gnueabihf/libavahi-common.so.3.5.3
51161000-51162000 r--p 00009000 b3:07 154978     /usr/lib/arm-linux-gnueabihf/libavahi-common.so.3.5.3
51162000-51163000 rw-p 0000a000 b3:07 154978     /usr/lib/arm-linux-gnueabihf/libavahi-common.so.3.5.3
51163000-51259000 r-xp 00000000 b3:07 156530     /usr/lib/arm-linux-gnueabihf/libgnutls-deb0.so.28.41.0
51259000-51269000 ---p 000f6000 b3:07 156530     /usr/lib/arm-linux-gnueabihf/libgnutls-deb0.so.28.41.0
51269000-5126e000 r--p 000f6000 b3:07 156530     /usr/lib/arm-linux-gnueabihf/libgnutls-deb0.so.28.41.0
5126e000-51270000 rw-p 000fb000 b3:07 156530     /usr/lib/arm-linux-gnueabihf/libgnutls-deb0.so.28.41.0
51270000-512a8000 r-xp 00000000 b3:07 156081     /usr/lib/arm-linux-gnueabihf/libgssapi_krb5.so.2.2
512a8000-512b8000 ---p 00038000 b3:07 156081     /usr/lib/arm-linux-gnueabihf/libgssapi_krb5.so.2.2
512b8000-512b9000 r--p 00038000 b3:07 156081     /usr/lib/arm-linux-gnueabihf/libgssapi_krb5.so.2.2
512b9000-512ba000 rw-p 00039000 b3:07 156081     /usr/lib/arm-linux-gnueabihf/libgssapi_krb5.so.2.2
512ba000-512d0000 r-xp 00000000 b3:07 156782     /usr/lib/arm-linux-gnueabihf/libxcb.so.1.1.0
512d0000-512d7000 ---p 00016000 b3:07 156782     /usr/lib/arm-linux-gnueabihf/libxcb.so.1.1.0
512d7000-512d8000 r--p 00015000 b3:07 156782     /usr/lib/arm-linux-gnueabihf/libxcb.so.1.1.0
512d8000-512d9000 rw-p 00016000 b3:07 156782     /usr/lib/arm-linux-gnueabihf/libxcb.so.1.1.0
512d9000-5135d000 r-xp 00000000 b3:07 155833     /usr/lib/arm-linux-gnueabihf/libfreetype.so.6.12.0
5135d000-5136c000 ---p 00084000 b3:07 155833     /usr/lib/arm-linux-gnueabihf/libfreetype.so.6.12.0
5136c000-51370000 r--p 00083000 b3:07 155833     /usr/lib/arm-linux-gnueabihf/libfreetype.so.6.12.0
51370000-51371000 rw-p 00087000 b3:07 155833     /usr/lib/arm-linux-gnueabihf/libfreetype.so.6.12.0
51371000-513a1000 r-xp 00000000 b3:07 155188     /usr/lib/arm-linux-gnueabihf/libfontconfig.so.1.8.0
513a1000-513a2000 r--p 00030000 b3:07 155188     /usr/lib/arm-linux-gnueabihf/libfontconfig.so.1.8.0
513a2000-513a3000 rw-p 00031000 b3:07 155188     /usr/lib/arm-linux-gnueabihf/libfontconfig.so.1.8.0
513a3000-513fe000 r-xp 00000000 b3:07 156804     /usr/lib/arm-linux-gnueabihf/libcups.so.2
513fe000-5140e000 ---p 0005b000 b3:07 156804     /usr/lib/arm-linux-gnueabihf/libcups.so.2
5140e000-51412000 r--p 0005b000 b3:07 156804     /usr/lib/arm-linux-gnueabihf/libcups.so.2
51412000-51413000 rw-p 0005f000 b3:07 156804     /usr/lib/arm-linux-gnueabihf/libcups.so.2
51413000-5141f000 r-xp 00000000 b3:07 156669     /usr/lib/arm-linux-gnueabihf/libXi.so.6.1.0
5141f000-51426000 ---p 0000c000 b3:07 156669     /usr/lib/arm-linux-gnueabihf/libXi.so.6.1.0
51426000-51427000 r--p 0000b000 b3:07 156669     /usr/lib/arm-linux-gnueabihf/libXi.so.6.1.0
51427000-51428000 rw-p 0000c000 b3:07 156669     /usr/lib/arm-linux-gnueabihf/libXi.so.6.1.0
51428000-5142c000 r-xp 00000000 b3:07 156862     /usr/lib/arm-linux-gnueabihf/libXtst.so.6.1.0
5142c000-51433000 ---p 00004000 b3:07 156862     /usr/lib/arm-linux-gnueabihf/libXtst.so.6.1.0
51433000-51434000 r--p 00003000 b3:07 156862     /usr/lib/arm-linux-gnueabihf/libXtst.so.6.1.0
51434000-51435000 rw-p 00004000 b3:07 156862     /usr/lib/arm-linux-gnueabihf/libXtst.so.6.1.0
51435000-5143d000 r-xp 00000000 b3:07 156206     /usr/lib/arm-linux-gnueabihf/libXrender.so.1.3.0
5143d000-51444000 ---p 00008000 b3:07 156206     /usr/lib/arm-linux-gnueabihf/libXrender.so.1.3.0
51444000-51445000 r--p 00007000 b3:07 156206     /usr/lib/arm-linux-gnueabihf/libXrender.so.1.3.0
51445000-51446000 rw-p 00008000 b3:07 156206     /usr/lib/arm-linux-gnueabihf/libXrender.so.1.3.0
51446000-51551000 r-xp 00000000 b3:07 156244     /usr/lib/arm-linux-gnueabihf/libX11.so.6.3.0
51551000-51558000 ---p 0010b000 b3:07 156244     /usr/lib/arm-linux-gnueabihf/libX11.so.6.3.0
51558000-51559000 r--p 0010a000 b3:07 156244     /usr/lib/arm-linux-gnueabihf/libX11.so.6.3.0
51559000-5155c000 rw-p 0010b000 b3:07 156244     /usr/lib/arm-linux-gnueabihf/libX11.so.6.3.0
5155c000-5156a000 r-xp 00000000 b3:07 156597     /usr/lib/arm-linux-gnueabihf/libXext.so.6.4.0
5156a000-51579000 ---p 0000e000 b3:07 156597     /usr/lib/arm-linux-gnueabihf/libXext.so.6.4.0
51579000-5157a000 r--p 0000d000 b3:07 156597     /usr/lib/arm-linux-gnueabihf/libXext.so.6.4.0
5157a000-5157b000 rw-p 0000e000 b3:07 156597     /usr/lib/arm-linux-gnueabihf/libXext.so.6.4.0
5158e000-515cd000 r-xp 00000000 b3:07 287288     /usr/lib/jvm/java-7-openjdk-armhf/jre/lib/arm/xawt/libmawt.so
515cd000-515dc000 ---p 0003f000 b3:07 287288     /usr/lib/jvm/java-7-openjdk-armhf/jre/lib/arm/xawt/libmawt.so
515dc000-515dd000 r--p 0003e000 b3:07 287288     /usr/lib/jvm/java-7-openjdk-armhf/jre/lib/arm/xawt/libmawt.so
515dd000-515df000 rw-p 0003f000 b3:07 287288     /usr/lib/jvm/java-7-openjdk-armhf/jre/lib/arm/xawt/libmawt.so
515df000-515e0000 rw-p 00000000 00:00 0 
515e0000-5165c000 r-xp 00000000 b3:07 286915     /usr/lib/jvm/java-7-openjdk-armhf/jre/lib/arm/libawt.so
5165c000-5166b000 ---p 0007c000 b3:07 286915     /usr/lib/jvm/java-7-openjdk-armhf/jre/lib/arm/libawt.so
5166b000-5166c000 r--p 0007b000 b3:07 286915     /usr/lib/jvm/java-7-openjdk-armhf/jre/lib/arm/libawt.so
5166c000-51673000 rw-p 0007c000 b3:07 286915     /usr/lib/jvm/java-7-openjdk-armhf/jre/lib/arm/libawt.so
51673000-51697000 rw-p 00000000 00:00 0 
51697000-516a2000 r--s 0020a000 b3:07 286944     /usr/lib/jvm/java-7-openjdk-armhf/jre/lib/charsets.jar
516a2000-516a5000 ---p 00000000 00:00 0 
516a5000-51842000 rwxp 00000000 00:00 0          [stack:1369]
51842000-51895000 r-xp 00000000 b3:07 156183     /usr/lib/arm-linux-gnueabihf/nss/libfreebl3.so
51895000-518a4000 ---p 00053000 b3:07 156183     /usr/lib/arm-linux-gnueabihf/nss/libfreebl3.so
518a4000-518a5000 r--p 00052000 b3:07 156183     /usr/lib/arm-linux-gnueabihf/nss/libfreebl3.so
518a5000-518a6000 rw-p 00053000 b3:07 156183     /usr/lib/arm-linux-gnueabihf/nss/libfreebl3.so
518a6000-518aa000 rw-p 00000000 00:00 0 
518aa000-51951000 r-xp 00000000 b3:07 156896     /usr/lib/arm-linux-gnueabihf/libsqlite3.so.0.8.6
51951000-51960000 ---p 000a7000 b3:07 156896     /usr/lib/arm-linux-gnueabihf/libsqlite3.so.0.8.6
51960000-51962000 r--p 000a6000 b3:07 156896     /usr/lib/arm-linux-gnueabihf/libsqlite3.so.0.8.6
51962000-51963000 rw-p 000a8000 b3:07 156896     /usr/lib/arm-linux-gnueabihf/libsqlite3.so.0.8.6
51963000-51964000 rw-p 00000000 00:00 0 
51964000-51997000 r-xp 00000000 b3:07 156179     /usr/lib/arm-linux-gnueabihf/nss/libsoftokn3.so
51997000-519a7000 ---p 00033000 b3:07 156179     /usr/lib/arm-linux-gnueabihf/nss/libsoftokn3.so
519a7000-519a8000 r--p 00033000 b3:07 156179     /usr/lib/arm-linux-gnueabihf/nss/libsoftokn3.so
519a8000-519a9000 rw-p 00034000 b3:07 156179     /usr/lib/arm-linux-gnueabihf/nss/libsoftokn3.so
519a9000-519d6000 r-xp 00000000 b3:07 155130     /usr/lib/arm-linux-gnueabihf/libnspr4.so
519d6000-519e5000 ---p 0002d000 b3:07 155130     /usr/lib/arm-linux-gnueabihf/libnspr4.so
519e5000-519e6000 r--p 0002c000 b3:07 155130     /usr/lib/arm-linux-gnueabihf/libnspr4.so
519e6000-519e7000 rw-p 0002d000 b3:07 155130     /usr/lib/arm-linux-gnueabihf/libnspr4.so
519e7000-519e9000 rw-p 00000000 00:00 0 
519e9000-519eb000 r-xp 00000000 b3:07 154975     /usr/lib/arm-linux-gnueabihf/libplds4.so
519eb000-519fa000 ---p 00002000 b3:07 154975     /usr/lib/arm-linux-gnueabihf/libplds4.so
519fa000-519fb000 r--p 00001000 b3:07 154975     /usr/lib/arm-linux-gnueabihf/libplds4.so
519fb000-519fc000 rw-p 00002000 b3:07 154975     /usr/lib/arm-linux-gnueabihf/libplds4.so
519fc000-519ff000 r-xp 00000000 b3:07 154933     /usr/lib/arm-linux-gnueabihf/libplc4.so
519ff000-51a0e000 ---p 00003000 b3:07 154933     /usr/lib/arm-linux-gnueabihf/libplc4.so
51a0e000-51a0f000 r--p 00002000 b3:07 154933     /usr/lib/arm-linux-gnueabihf/libplc4.so
51a0f000-51a10000 rw-p 00003000 b3:07 154933     /usr/lib/arm-linux-gnueabihf/libplc4.so
51a10000-51a2c000 r-xp 00000000 b3:07 156714     /usr/lib/arm-linux-gnueabihf/libnssutil3.so
51a2c000-51a3c000 ---p 0001c000 b3:07 156714     /usr/lib/arm-linux-gnueabihf/libnssutil3.so
51a3c000-51a3f000 r--p 0001c000 b3:07 156714     /usr/lib/arm-linux-gnueabihf/libnssutil3.so
51a3f000-51a40000 rw-p 0001f000 b3:07 156714     /usr/lib/arm-linux-gnueabihf/libnssutil3.so
51a40000-51b40000 r-xp 00000000 b3:07 156130     /usr/lib/arm-linux-gnueabihf/libnss3.so
51b40000-51b4f000 ---p 00100000 b3:07 156130     /usr/lib/arm-linux-gnueabihf/libnss3.so
51b4f000-51b52000 r--p 000ff000 b3:07 156130     /usr/lib/arm-linux-gnueabihf/libnss3.so
51b52000-51b54000 rw-p 00102000 b3:07 156130     /usr/lib/arm-linux-gnueabihf/libnss3.so
51b54000-51b55000 rw-p 00000000 00:00 0 
51b55000-51b64000 r-xp 00000000 b3:07 286924     /usr/lib/jvm/java-7-openjdk-armhf/jre/lib/arm/libj2pkcs11.so
51b64000-51b73000 ---p 0000f000 b3:07 286924     /usr/lib/jvm/java-7-openjdk-armhf/jre/lib/arm/libj2pkcs11.so
51b73000-51b74000 r--p 0000e000 b3:07 286924     /usr/lib/jvm/java-7-openjdk-armhf/jre/lib/arm/libj2pkcs11.so
51b74000-51b75000 rw-p 0000f000 b3:07 286924     /usr/lib/jvm/java-7-openjdk-armhf/jre/lib/arm/libj2pkcs11.so
51b75000-51b83000 r-xp 00000000 b3:07 286939     /usr/lib/jvm/java-7-openjdk-armhf/jre/lib/arm/libnio.so
51b83000-51b92000 ---p 0000e000 b3:07 286939     /usr/lib/jvm/java-7-openjdk-armhf/jre/lib/arm/libnio.so
51b92000-51b93000 r--p 0000d000 b3:07 286939     /usr/lib/jvm/java-7-openjdk-armhf/jre/lib/arm/libnio.so
51b93000-51b94000 rw-p 0000e000 b3:07 286939     /usr/lib/jvm/java-7-openjdk-armhf/jre/lib/arm/libnio.so
51b94000-51d55000 rw-p 00000000 00:00 0 
51d55000-51db7000 r-xp 00000000 b3:07 656190     /lib/arm-linux-gnueabihf/libpcre.so.3.13.1
51db7000-51dc6000 ---p 00062000 b3:07 656190     /lib/arm-linux-gnueabihf/libpcre.so.3.13.1
51dc6000-51dc7000 r--p 00061000 b3:07 656190     /lib/arm-linux-gnueabihf/libpcre.so.3.13.1
51dc7000-51dc8000 rw-p 00062000 b3:07 656190     /lib/arm-linux-gnueabihf/libpcre.so.3.13.1
51dc8000-51dda000 r-xp 00000000 b3:07 677397     /lib/arm-linux-gnueabihf/libresolv-2.19.so
51dda000-51de9000 ---p 00012000 b3:07 677397     /lib/arm-linux-gnueabihf/libresolv-2.19.so
51de9000-51dea000 r--p 00011000 b3:07 677397     /lib/arm-linux-gnueabihf/libresolv-2.19.so
51dea000-51deb000 rw-p 00012000 b3:07 677397     /lib/arm-linux-gnueabihf/libresolv-2.19.so
51deb000-51ded000 rw-p 00000000 00:00 0 
51ded000-51e08000 r-xp 00000000 b3:07 673033     /lib/arm-linux-gnueabihf/libselinux.so.1
51e08000-51e17000 ---p 0001b000 b3:07 673033     /lib/arm-linux-gnueabihf/libselinux.so.1
51e17000-51e18000 r--p 0001a000 b3:07 673033     /lib/arm-linux-gnueabihf/libselinux.so.1
51e18000-51e19000 rw-p 0001b000 b3:07 673033     /lib/arm-linux-gnueabihf/libselinux.so.1
51e19000-51e1a000 rw-p 00000000 00:00 0 
51e1a000-51e1d000 r-xp 00000000 b3:07 155007     /usr/lib/arm-linux-gnueabihf/libgmodule-2.0.so.0.4200.1
51e1d000-51e2c000 ---p 00003000 b3:07 155007     /usr/lib/arm-linux-gnueabihf/libgmodule-2.0.so.0.4200.1
51e2c000-51e2d000 r--p 00002000 b3:07 155007     /usr/lib/arm-linux-gnueabihf/libgmodule-2.0.so.0.4200.1
51e2d000-51e2e000 rw-p 00003000 b3:07 155007     /usr/lib/arm-linux-gnueabihf/libgmodule-2.0.so.0.4200.1
51e2e000-51f20000 r-xp 00000000 b3:07 672854     /lib/arm-linux-gnueabihf/libglib-2.0.so.0.4200.1
51f20000-51f2f000 ---p 000f2000 b3:07 672854     /lib/arm-linux-gnueabihf/libglib-2.0.so.0.4200.1
51f2f000-51f30000 r--p 000f1000 b3:07 672854     /lib/arm-linux-gnueabihf/libglib-2.0.so.0.4200.1
51f30000-51f31000 rw-p 000f2000 b3:07 672854     /lib/arm-linux-gnueabihf/libglib-2.0.so.0.4200.1
51f31000-51f7a000 r-xp 00000000 b3:07 156871     /usr/lib/arm-linux-gnueabihf/libgobject-2.0.so.0.4200.1
51f7a000-51f89000 ---p 00049000 b3:07 156871     /usr/lib/arm-linux-gnueabihf/libgobject-2.0.so.0.4200.1
51f89000-51f8a000 r--p 00048000 b3:07 156871     /usr/lib/arm-linux-gnueabihf/libgobject-2.0.so.0.4200.1
51f8a000-51f8b000 rw-p 00049000 b3:07 156871     /usr/lib/arm-linux-gnueabihf/libgobject-2.0.so.0.4200.1
51f8b000-520c3000 r-xp 00000000 b3:07 155289     /usr/lib/arm-linux-gnueabihf/libgio-2.0.so.0.4200.1
520c3000-520d3000 ---p 00138000 b3:07 155289     /usr/lib/arm-linux-gnueabihf/libgio-2.0.so.0.4200.1
520d3000-520d5000 r--p 00138000 b3:07 155289     /usr/lib/arm-linux-gnueabihf/libgio-2.0.so.0.4200.1
520d5000-520d7000 rw-p 0013a000 b3:07 155289     /usr/lib/arm-linux-gnueabihf/libgio-2.0.so.0.4200.1
520d7000-520d8000 rw-p 00000000 00:00 0 
520d8000-520ee000 r-xp 00000000 b3:07 286938     /usr/lib/jvm/java-7-openjdk-armhf/jre/lib/arm/libnet.so
520ee000-520fd000 ---p 00016000 b3:07 286938     /usr/lib/jvm/java-7-openjdk-armhf/jre/lib/arm/libnet.so
520fd000-520fe000 r--p 00015000 b3:07 286938     /usr/lib/jvm/java-7-openjdk-armhf/jre/lib/arm/libnet.so
520fe000-520ff000 rw-p 00016000 b3:07 286938     /usr/lib/jvm/java-7-openjdk-armhf/jre/lib/arm/libnet.so
520ff000-52106000 r-xp 00000000 b3:07 286936     /usr/lib/jvm/java-7-openjdk-armhf/jre/lib/arm/libmanagement.so
52106000-52116000 ---p 00007000 b3:07 286936     /usr/lib/jvm/java-7-openjdk-armhf/jre/lib/arm/libmanagement.so
52116000-52117000 r--p 00007000 b3:07 286936     /usr/lib/jvm/java-7-openjdk-armhf/jre/lib/arm/libmanagement.so
52117000-52118000 rw-p 00008000 b3:07 286936     /usr/lib/jvm/java-7-openjdk-armhf/jre/lib/arm/libmanagement.so
52118000-5211b000 ---p 00000000 00:00 0 
5211b000-522b8000 rwxp 00000000 00:00 0          [stack:1366]
522b8000-522d7000 r-xp 00000000 b3:07 672938     /lib/arm-linux-gnueabihf/libpng12.so.0.50.0
522d7000-522e6000 ---p 0001f000 b3:07 672938     /lib/arm-linux-gnueabihf/libpng12.so.0.50.0
522e6000-522e7000 r--p 0001e000 b3:07 672938     /lib/arm-linux-gnueabihf/libpng12.so.0.50.0
522e7000-522e8000 rw-p 0001f000 b3:07 672938     /lib/arm-linux-gnueabihf/libpng12.so.0.50.0
522f2000-522fb000 r--s 000ad000 b3:07 286966     /usr/lib/jvm/java-7-openjdk-armhf/jre/lib/resources.jar
522fb000-5241c000 r-xp 00000000 b3:07 294622     /home/pi/Libraries/opencv-3.1.0/build/lib/libopencv_calib3d.so.3.1.0
5241c000-5242b000 ---p 00121000 b3:07 294622     /home/pi/Libraries/opencv-3.1.0/build/lib/libopencv_calib3d.so.3.1.0
5242b000-5242d000 rw-p 00120000 b3:07 294622     /home/pi/Libraries/opencv-3.1.0/build/lib/libopencv_calib3d.so.3.1.0
5242d000-524ba000 r-xp 00000000 b3:07 294603     /home/pi/Libraries/opencv-3.1.0/build/lib/libopencv_features2d.so.3.1.0
524ba000-524c9000 ---p 0008d000 b3:07 294603     /home/pi/Libraries/opencv-3.1.0/build/lib/libopencv_features2d.so.3.1.0
524c9000-524cc000 rw-p 0008c000 b3:07 294603     /home/pi/Libraries/opencv-3.1.0/build/lib/libopencv_features2d.so.3.1.0
524cc000-5251b000 r-xp 00000000 b3:07 294585     /home/pi/Libraries/opencv-3.1.0/build/lib/libopencv_objdetect.so.3.1.0
5251b000-5252b000 ---p 0004f000 b3:07 294585     /home/pi/Libraries/opencv-3.1.0/build/lib/libopencv_objdetect.so.3.1.0
5252b000-5252c000 rw-p 0004f000 b3:07 294585     /home/pi/Libraries/opencv-3.1.0/build/lib/libopencv_objdetect.so.3.1.0
5252c000-52737000 r-xp 00000000 b3:07 294496     /home/pi/Libraries/opencv-3.1.0/build/lib/libopencv_imgcodecs.so.3.1.0
52737000-52747000 ---p 0020b000 b3:07 294496     /home/pi/Libraries/opencv-3.1.0/build/lib/libopencv_imgcodecs.so.3.1.0
52747000-5274f000 rw-p 0020b000 b3:07 294496     /home/pi/Libraries/opencv-3.1.0/build/lib/libopencv_imgcodecs.so.3.1.0
5274f000-52758000 rw-p 00000000 00:00 0 
52758000-527aa000 r-xp 00000000 b3:07 294553     /home/pi/Libraries/opencv-3.1.0/build/lib/libopencv_video.so.3.1.0
527aa000-527ba000 ---p 00052000 b3:07 294553     /home/pi/Libraries/opencv-3.1.0/build/lib/libopencv_video.so.3.1.0
527ba000-527bb000 rw-p 00052000 b3:07 294553     /home/pi/Libraries/opencv-3.1.0/build/lib/libopencv_video.so.3.1.0
527bb000-52864000 r-xp 00000000 b3:07 294545     /home/pi/Libraries/opencv-3.1.0/build/lib/libopencv_photo.so.3.1.0
52864000-52873000 ---p 000a9000 b3:07 294545     /home/pi/Libraries/opencv-3.1.0/build/lib/libopencv_photo.so.3.1.0
52873000-52875000 rw-p 000a8000 b3:07 294545     /home/pi/Libraries/opencv-3.1.0/build/lib/libopencv_photo.so.3.1.0
52875000-528fc000 r-xp 00000000 b3:07 294537     /home/pi/Libraries/opencv-3.1.0/build/lib/libopencv_ml.so.3.1.0
528fc000-5290b000 ---p 00087000 b3:07 294537     /home/pi/Libraries/opencv-3.1.0/build/lib/libopencv_ml.so.3.1.0
5290b000-5290d000 rw-p 00086000 b3:07 294537     /home/pi/Libraries/opencv-3.1.0/build/lib/libopencv_ml.so.3.1.0
5290d000-52b3a000 r-xp 00000000 b3:07 294491     /home/pi/Libraries/opencv-3.1.0/build/lib/libopencv_imgproc.so.3.1.0
52b3a000-52b49000 ---p 0022d000 b3:07 294491     /home/pi/Libraries/opencv-3.1.0/build/lib/libopencv_imgproc.so.3.1.0
52b49000-52b51000 rw-p 0022c000 b3:07 294491     /home/pi/Libraries/opencv-3.1.0/build/lib/libopencv_imgproc.so.3.1.0
52b51000-52bdf000 rw-p 00000000 00:00 0 
52bdf000-52dec000 r-xp 00000000 b3:07 294479     /home/pi/Libraries/opencv-3.1.0/build/lib/libopencv_core.so.3.1.0
52dec000-52dfb000 ---p 0020d000 b3:07 294479     /home/pi/Libraries/opencv-3.1.0/build/lib/libopencv_core.so.3.1.0
52dfb000-52dff000 rw-p 0020c000 b3:07 294479     /home/pi/Libraries/opencv-3.1.0/build/lib/libopencv_core.so.3.1.0
52dff000-52e00000 rw-p 00000000 00:00 0 
52e00000-52ef9000 rw-p 00000000 00:00 0 
52ef9000-52f00000 ---p 00000000 00:00 0 
52f07000-52f49000 r-xp 00000000 b3:07 294519     /home/pi/Libraries/opencv-3.1.0/build/lib/libopencv_flann.so.3.1.0
52f49000-52f58000 ---p 00042000 b3:07 294519     /home/pi/Libraries/opencv-3.1.0/build/lib/libopencv_flann.so.3.1.0
52f58000-52f5a000 rw-p 00041000 b3:07 294519     /home/pi/Libraries/opencv-3.1.0/build/lib/libopencv_flann.so.3.1.0
52f5a000-52fef000 r-xp 00000000 b3:07 294834     /home/pi/Libraries/opencv-3.1.0/build/lib/libopencv_java310.so
52fef000-52fff000 ---p 00095000 b3:07 294834     /home/pi/Libraries/opencv-3.1.0/build/lib/libopencv_java310.so
52fff000-53000000 rw-p 00095000 b3:07 294834     /home/pi/Libraries/opencv-3.1.0/build/lib/libopencv_java310.so
53000000-530ff000 rw-p 00000000 00:00 0 
530ff000-53100000 ---p 00000000 00:00 0 
53101000-53105000 r-xp 00000000 b3:07 294505     /home/pi/Libraries/opencv-3.1.0/build/lib/libopencv_highgui.so.3.1.0
53105000-53114000 ---p 00004000 b3:07 294505     /home/pi/Libraries/opencv-3.1.0/build/lib/libopencv_highgui.so.3.1.0
53114000-53115000 rw-p 00003000 b3:07 294505     /home/pi/Libraries/opencv-3.1.0/build/lib/libopencv_highgui.so.3.1.0
53115000-532e6000 r--s 01d7e000 b3:07 717206     /home/pi/Libraries/aws-java-sdk-1.11.4/lib/aws-java-sdk-1.11.4-sources.jar
532e6000-53500000 r--s 02042000 b3:07 717208     /home/pi/Libraries/aws-java-sdk-1.11.4/lib/aws-java-sdk-1.11.4.jar
53500000-53521000 rw-p 00000000 00:00 0 
53521000-53600000 ---p 00000000 00:00 0 
53600000-53606000 r-xp 00000000 b3:07 155271     /usr/lib/arm-linux-gnueabihf/libffi.so.6.0.2
53606000-5360e000 ---p 00006000 b3:07 155271     /usr/lib/arm-linux-gnueabihf/libffi.so.6.0.2
5360e000-5360f000 r--p 00006000 b3:07 155271     /usr/lib/arm-linux-gnueabihf/libffi.so.6.0.2
5360f000-53610000 rw-p 00007000 b3:07 155271     /usr/lib/arm-linux-gnueabihf/libffi.so.6.0.2
53610000-53700000 r--s 033f3000 b3:07 717207     /home/pi/Libraries/aws-java-sdk-1.11.4/lib/aws-java-sdk-1.11.4-javadoc.jar
53700000-53721000 rw-p 00000000 00:00 0 
53721000-53800000 ---p 00000000 00:00 0 
53806000-53809000 r--s 00017000 b3:07 286962     /usr/lib/jvm/java-7-openjdk-armhf/jre/lib/jce.jar
53809000-5380d000 r--s 0004e000 b3:07 286963     /usr/lib/jvm/java-7-openjdk-armhf/jre/lib/jsse.jar
5380d000-53827000 r-xp 00000000 b3:07 294501     /home/pi/Libraries/opencv-3.1.0/build/lib/libopencv_videoio.so.3.1.0
53827000-53837000 ---p 0001a000 b3:07 294501     /home/pi/Libraries/opencv-3.1.0/build/lib/libopencv_videoio.so.3.1.0
53837000-53838000 rw-p 0001a000 b3:07 294501     /home/pi/Libraries/opencv-3.1.0/build/lib/libopencv_videoio.so.3.1.0
53838000-5383b000 rw-p 00000000 00:00 0 
5383b000-53840000 r--s 00048000 b3:07 294831     /home/pi/Libraries/opencv-3.1.0/build/bin/opencv-310.jar
53840000-53846000 r--s 0002d000 b3:07 716769     /home/pi/Libraries/aws-java-sdk-1.11.4/third-party/lib/spring-test-3.0.7.RELEASE.jar
53846000-5384f000 r--s 00055000 b3:07 716768     /home/pi/Libraries/aws-java-sdk-1.11.4/third-party/lib/spring-core-3.0.7.RELEASE.jar
5384f000-53860000 r--s 00093000 b3:07 716765     /home/pi/Libraries/aws-java-sdk-1.11.4/third-party/lib/spring-context-3.0.7.RELEASE.jar
53860000-53863000 ---p 00000000 00:00 0 
53863000-53a00000 rwxp 00000000 00:00 0          [stack:1364]
53a00000-53a21000 rw-p 00000000 00:00 0 
53a21000-53b00000 ---p 00000000 00:00 0 
53b00000-53b0b000 r--s 0007d000 b3:07 716773     /home/pi/Libraries/aws-java-sdk-1.11.4/third-party/lib/spring-beans-3.0.7.RELEASE.jar
53b0b000-53b1b000 r--s 00088000 b3:07 716771     /home/pi/Libraries/aws-java-sdk-1.11.4/third-party/lib/joda-time-2.8.1.jar
53b1b000-53b1f000 r--s 0002b000 b3:07 716770     /home/pi/Libraries/aws-java-sdk-1.11.4/third-party/lib/javax.mail-api-1.4.6.jar
53b1f000-53b30000 r--s 0010d000 b3:07 716761     /home/pi/Libraries/aws-java-sdk-1.11.4/third-party/lib/jackson-databind-2.6.6.jar
53b30000-53b34000 r--s 0003c000 b3:07 716775     /home/pi/Libraries/aws-java-sdk-1.11.4/third-party/lib/jackson-core-2.6.6.jar
53b34000-53b3b000 r--s 00049000 b3:07 716762     /home/pi/Libraries/aws-java-sdk-1.11.4/third-party/lib/httpcore-4.4.4.jar
53b3b000-53b48000 r--s 000a7000 b3:07 716774     /home/pi/Libraries/aws-java-sdk-1.11.4/third-party/lib/httpclient-4.5.2.jar
53b48000-53b57000 r--s 000b7000 b3:07 716772     /home/pi/Libraries/aws-java-sdk-1.11.4/third-party/lib/freemarker-2.3.9.jar
53b57000-53b58000 ---p 00000000 00:00 0 
53b58000-53bd7000 rwxp 00000000 00:00 0          [stack:1365]
53bd7000-53bda000 ---p 00000000 00:00 0 
53bda000-53d77000 rwxp 00000000 00:00 0          [stack:1363]
53d77000-53f00000 r--p 00000000 b3:07 261038     /usr/lib/locale/locale-archive
53f00000-53f21000 rw-p 00000000 00:00 0 
53f21000-54000000 ---p 00000000 00:00 0 
54000000-54060000 rw-p 00000000 00:00 0 
54060000-54063000 ---p 00000000 00:00 0 
54063000-54200000 rwxp 00000000 00:00 0          [stack:1362]
54200000-54221000 rw-p 00000000 00:00 0 
54221000-54300000 ---p 00000000 00:00 0 
54301000-54302000 r--p 00000000 b3:07 137325     /usr/share/locale/en_GB/LC_MESSAGES/libc.mo
54302000-54319000 r--s 00195000 b3:07 716759     /home/pi/Libraries/aws-java-sdk-1.11.4/third-party/lib/aspectjweaver.jar
54319000-54360000 rw-p 00000000 00:00 0 
54360000-54363000 ---p 00000000 00:00 0 
54363000-54500000 rwxp 00000000 00:00 0          [stack:1361]
54500000-545f8000 rw-p 00000000 00:00 0 
545f8000-54600000 ---p 00000000 00:00 0 
54600000-54603000 r--s 00009000 b3:07 716763     /home/pi/Libraries/aws-java-sdk-1.11.4/third-party/lib/jackson-annotations-2.6.0.jar
54603000-5460a000 r--s 0003a000 b3:07 716764     /home/pi/Libraries/aws-java-sdk-1.11.4/third-party/lib/commons-codec-1.9.jar
5460a000-54632000 rw-p 00000000 00:00 0 
54632000-54633000 ---p 00000000 00:00 0 
54633000-546b2000 rwxp 00000000 00:00 0          [stack:1360]
546b2000-546fb000 rw-p 00000000 00:00 0 
546fb000-548ac000 r--s 01ceb000 b3:07 286893     /usr/lib/jvm/java-7-openjdk-armhf/jre/lib/rt.jar
548ac000-5490c000 rw-p 00000000 00:00 0 
5490c000-5494f000 rw-p 00000000 00:00 0 
5494f000-54958000 rw-p 00000000 00:00 0 
54958000-549df000 rw-p 00000000 00:00 0 
549df000-549e8000 rw-p 00000000 00:00 0 
549e8000-549ff000 rw-p 00000000 00:00 0 
549ff000-55240000 rw-p 00000000 00:00 0 
55240000-5da00000 rw-p 00000000 00:00 0 
5da00000-5ea33000 rw-p 00000000 00:00 0 
5ea33000-5ebcf000 ---p 00000000 00:00 0 
5ebcf000-6fa00000 rw-p 00000000 00:00 0 
6fa00000-70a40000 rw-p 00000000 00:00 0 
70a40000-73a00000 rw-p 00000000 00:00 0 
73a00000-73a02000 r--s 0000e000 b3:07 716767     /home/pi/Libraries/aws-java-sdk-1.11.4/third-party/lib/commons-logging-1.1.3.jar
73a02000-73a06000 r--s 00019000 b3:07 716760     /home/pi/Libraries/aws-java-sdk-1.11.4/third-party/lib/aspectjrt-1.8.2.jar
73a06000-73a08000 r--s 0000c000 b3:07 717205     /home/pi/Libraries/aws-java-sdk-1.11.4/lib/aws-swf-build-tools-1.0.jar
73a08000-73a0a000 r--s 0000a000 b3:07 421161     /usr/share/java/hamcrest-core-1.3.jar
73a0a000-73a10000 r--s 00036000 b3:07 421199     /usr/share/java/junit4-4.11.jar
73a10000-73a19000 rw-p 00000000 00:00 0 
73a19000-73a31000 rw-p 00000000 00:00 0 
73a31000-73a3a000 rw-p 00000000 00:00 0 
73a3a000-73ac2000 rw-p 00000000 00:00 0 
73ac2000-73ac3000 rw-p 00000000 00:00 0 
73ac3000-73b42000 rw-p 00000000 00:00 0 
73b42000-73b6a000 rwxp 00000000 00:00 0 
73b6a000-75b42000 rw-p 00000000 00:00 0 
75b42000-75b49000 r-xp 00000000 b3:07 286943     /usr/lib/jvm/java-7-openjdk-armhf/jre/lib/arm/libzip.so
75b49000-75b58000 ---p 00007000 b3:07 286943     /usr/lib/jvm/java-7-openjdk-armhf/jre/lib/arm/libzip.so
75b58000-75b59000 r--p 00006000 b3:07 286943     /usr/lib/jvm/java-7-openjdk-armhf/jre/lib/arm/libzip.so
75b59000-75b5a000 rw-p 00007000 b3:07 286943     /usr/lib/jvm/java-7-openjdk-armhf/jre/lib/arm/libzip.so
75b5a000-75b65000 r-xp 00000000 b3:07 677392     /lib/arm-linux-gnueabihf/libnss_files-2.19.so
75b65000-75b74000 ---p 0000b000 b3:07 677392     /lib/arm-linux-gnueabihf/libnss_files-2.19.so
75b74000-75b75000 r--p 0000a000 b3:07 677392     /lib/arm-linux-gnueabihf/libnss_files-2.19.so
75b75000-75b76000 rw-p 0000b000 b3:07 677392     /lib/arm-linux-gnueabihf/libnss_files-2.19.so
75b76000-75b7f000 r-xp 00000000 b3:07 677394     /lib/arm-linux-gnueabihf/libnss_nis-2.19.so
75b7f000-75b8e000 ---p 00009000 b3:07 677394     /lib/arm-linux-gnueabihf/libnss_nis-2.19.so
75b8e000-75b8f000 r--p 00008000 b3:07 677394     /lib/arm-linux-gnueabihf/libnss_nis-2.19.so
75b8f000-75b90000 rw-p 00009000 b3:07 677394     /lib/arm-linux-gnueabihf/libnss_nis-2.19.so
75b90000-75ba1000 r-xp 00000000 b3:07 677389     /lib/arm-linux-gnueabihf/libnsl-2.19.so
75ba1000-75bb0000 ---p 00011000 b3:07 677389     /lib/arm-linux-gnueabihf/libnsl-2.19.so
75bb0000-75bb1000 r--p 00010000 b3:07 677389     /lib/arm-linux-gnueabihf/libnsl-2.19.so
75bb1000-75bb2000 rw-p 00011000 b3:07 677389     /lib/arm-linux-gnueabihf/libnsl-2.19.so
75bb2000-75bb4000 rw-p 00000000 00:00 0 
75bb4000-75bbb000 r-xp 00000000 b3:07 677390     /lib/arm-linux-gnueabihf/libnss_compat-2.19.so
75bbb000-75bca000 ---p 00007000 b3:07 677390     /lib/arm-linux-gnueabihf/libnss_compat-2.19.so
75bca000-75bcb000 r--p 00006000 b3:07 677390     /lib/arm-linux-gnueabihf/libnss_compat-2.19.so
75bcb000-75bcc000 rw-p 00007000 b3:07 677390     /lib/arm-linux-gnueabihf/libnss_compat-2.19.so
75bcc000-75bef000 r-xp 00000000 b3:07 286926     /usr/lib/jvm/java-7-openjdk-armhf/jre/lib/arm/libjava.so
75bef000-75bfe000 ---p 00023000 b3:07 286926     /usr/lib/jvm/java-7-openjdk-armhf/jre/lib/arm/libjava.so
75bfe000-75bff000 r--p 00022000 b3:07 286926     /usr/lib/jvm/java-7-openjdk-armhf/jre/lib/arm/libjava.so
75bff000-75c00000 rw-p 00023000 b3:07 286926     /usr/lib/jvm/java-7-openjdk-armhf/jre/lib/arm/libjava.so
75c00000-75cfb000 rw-p 00000000 00:00 0 
75cfb000-75d00000 ---p 00000000 00:00 0 
75d00000-75d02000 r--s 0000a000 b3:07 421161     /usr/share/java/hamcrest-core-1.3.jar
75d02000-75d0e000 r-xp 00000000 b3:07 286942     /usr/lib/jvm/java-7-openjdk-armhf/jre/lib/arm/libverify.so
75d0e000-75d1e000 ---p 0000c000 b3:07 286942     /usr/lib/jvm/java-7-openjdk-armhf/jre/lib/arm/libverify.so
75d1e000-75d1f000 r--p 0000c000 b3:07 286942     /usr/lib/jvm/java-7-openjdk-armhf/jre/lib/arm/libverify.so
75d1f000-75d20000 rw-p 0000d000 b3:07 286942     /usr/lib/jvm/java-7-openjdk-armhf/jre/lib/arm/libverify.so
75d20000-75d26000 r-xp 00000000 b3:07 677398     /lib/arm-linux-gnueabihf/librt-2.19.so
75d26000-75d35000 ---p 00006000 b3:07 677398     /lib/arm-linux-gnueabihf/librt-2.19.so
75d35000-75d36000 r--p 00005000 b3:07 677398     /lib/arm-linux-gnueabihf/librt-2.19.so
75d36000-75d37000 rw-p 00006000 b3:07 677398     /lib/arm-linux-gnueabihf/librt-2.19.so
75d37000-75d3b000 ---p 00000000 00:00 0 
75d3b000-766d7000 rwxp 00000000 00:00 0          [stack:1355]
766d7000-766f4000 r-xp 00000000 b3:07 672934     /lib/arm-linux-gnueabihf/libgcc_s.so.1
766f4000-76703000 ---p 0001d000 b3:07 672934     /lib/arm-linux-gnueabihf/libgcc_s.so.1
76703000-76704000 rw-p 0001c000 b3:07 672934     /lib/arm-linux-gnueabihf/libgcc_s.so.1
76704000-7676d000 r-xp 00000000 b3:07 677386     /lib/arm-linux-gnueabihf/libm-2.19.so
7676d000-7677d000 ---p 00069000 b3:07 677386     /lib/arm-linux-gnueabihf/libm-2.19.so
7677d000-7677e000 r--p 00069000 b3:07 677386     /lib/arm-linux-gnueabihf/libm-2.19.so
7677e000-7677f000 rw-p 0006a000 b3:07 677386     /lib/arm-linux-gnueabihf/libm-2.19.so
7677f000-76840000 r-xp 00000000 b3:07 156594     /usr/lib/arm-linux-gnueabihf/libstdc++.so.6.0.20
76840000-7684f000 ---p 000c1000 b3:07 156594     /usr/lib/arm-linux-gnueabihf/libstdc++.so.6.0.20
7684f000-76853000 r--p 000c0000 b3:07 156594     /usr/lib/arm-linux-gnueabihf/libstdc++.so.6.0.20
76853000-76855000 rw-p 000c4000 b3:07 156594     /usr/lib/arm-linux-gnueabihf/libstdc++.so.6.0.20
76855000-7685b000 rw-p 00000000 00:00 0 
7685b000-76cea000 r-xp 00000000 b3:07 286913     /usr/lib/jvm/java-7-openjdk-armhf/jre/lib/arm/server/libjvm.so
76cea000-76cfa000 ---p 0048f000 b3:07 286913     /usr/lib/jvm/java-7-openjdk-armhf/jre/lib/arm/server/libjvm.so
76cfa000-76d09000 r--p 0048f000 b3:07 286913     /usr/lib/jvm/java-7-openjdk-armhf/jre/lib/arm/server/libjvm.so
76d09000-76d1a000 rw-p 0049e000 b3:07 286913     /usr/lib/jvm/java-7-openjdk-armhf/jre/lib/arm/server/libjvm.so
76d1a000-76d76000 rw-p 00000000 00:00 0 
76d76000-76d8c000 r-xp 00000000 b3:07 673028     /lib/arm-linux-gnueabihf/libz.so.1.2.8
76d8c000-76d9b000 ---p 00016000 b3:07 673028     /lib/arm-linux-gnueabihf/libz.so.1.2.8
76d9b000-76d9c000 r--p 00015000 b3:07 673028     /lib/arm-linux-gnueabihf/libz.so.1.2.8
76d9c000-76d9d000 rw-p 00016000 b3:07 673028     /lib/arm-linux-gnueabihf/libz.so.1.2.8
76d9d000-76ec8000 r-xp 00000000 b3:07 677380     /lib/arm-linux-gnueabihf/libc-2.19.so
76ec8000-76ed8000 ---p 0012b000 b3:07 677380     /lib/arm-linux-gnueabihf/libc-2.19.so
76ed8000-76eda000 r--p 0012b000 b3:07 677380     /lib/arm-linux-gnueabihf/libc-2.19.so
76eda000-76edb000 rw-p 0012d000 b3:07 677380     /lib/arm-linux-gnueabihf/libc-2.19.so
76edb000-76ede000 rw-p 00000000 00:00 0 
76ede000-76ee0000 r-xp 00000000 b3:07 677383     /lib/arm-linux-gnueabihf/libdl-2.19.so
76ee0000-76eef000 ---p 00002000 b3:07 677383     /lib/arm-linux-gnueabihf/libdl-2.19.so
76eef000-76ef0000 r--p 00001000 b3:07 677383     /lib/arm-linux-gnueabihf/libdl-2.19.so
76ef0000-76ef1000 rw-p 00002000 b3:07 677383     /lib/arm-linux-gnueabihf/libdl-2.19.so
76ef1000-76efd000 r-xp 00000000 b3:07 286909     /usr/lib/jvm/java-7-openjdk-armhf/jre/lib/arm/jli/libjli.so
76efd000-76f0d000 ---p 0000c000 b3:07 286909     /usr/lib/jvm/java-7-openjdk-armhf/jre/lib/arm/jli/libjli.so
76f0d000-76f0e000 r--p 0000c000 b3:07 286909     /usr/lib/jvm/java-7-openjdk-armhf/jre/lib/arm/jli/libjli.so
76f0e000-76f0f000 rw-p 0000d000 b3:07 286909     /usr/lib/jvm/java-7-openjdk-armhf/jre/lib/arm/jli/libjli.so
76f0f000-76f23000 r-xp 00000000 b3:07 677402     /lib/arm-linux-gnueabihf/libpthread-2.19.so
76f23000-76f33000 ---p 00014000 b3:07 677402     /lib/arm-linux-gnueabihf/libpthread-2.19.so
76f33000-76f34000 r--p 00014000 b3:07 677402     /lib/arm-linux-gnueabihf/libpthread-2.19.so
76f34000-76f35000 rw-p 00015000 b3:07 677402     /lib/arm-linux-gnueabihf/libpthread-2.19.so
76f35000-76f37000 rw-p 00000000 00:00 0 
76f37000-76f38000 r--s 0000b000 b3:07 716766     /home/pi/Libraries/aws-java-sdk-1.11.4/third-party/lib/jackson-dataformat-cbor-2.6.6.jar
76f38000-76f3c000 r--s 00033000 b3:07 286902     /usr/lib/jvm/java-7-openjdk-armhf/jre/lib/ext/sunjce_provider.jar
76f3c000-76f3d000 r--s 00012000 b3:07 286903     /usr/lib/jvm/java-7-openjdk-armhf/jre/lib/ext/zipfs.jar
76f3d000-76f3f000 r--s 00006000 b3:07 403783     /usr/share/java/java-atk-wrapper.jar
76f3f000-76f40000 r--s 00002000 b3:07 286900     /usr/lib/jvm/java-7-openjdk-armhf/jre/lib/ext/dnsns.jar
76f40000-76f43000 r--s 0000f000 b3:07 286904     /usr/lib/jvm/java-7-openjdk-armhf/jre/lib/ext/icedtea-sound.jar
76f43000-76f46000 r--s 00087000 b3:07 286901     /usr/lib/jvm/java-7-openjdk-armhf/jre/lib/ext/localedata.jar
76f46000-76f4a000 r--s 0003c000 b3:07 286899     /usr/lib/jvm/java-7-openjdk-armhf/jre/lib/ext/sunpkcs11.jar
76f4a000-76f4f000 r-xp 00000000 b3:07 156251     /usr/lib/arm-linux-gnueabihf/libarmmem.so
76f4f000-76f5e000 ---p 00005000 b3:07 156251     /usr/lib/arm-linux-gnueabihf/libarmmem.so
76f5e000-76f5f000 rw-p 00004000 b3:07 156251     /usr/lib/arm-linux-gnueabihf/libarmmem.so
76f5f000-76f7f000 r-xp 00000000 b3:07 677377     /lib/arm-linux-gnueabihf/ld-2.19.so
76f7f000-76f87000 rw-s 00000000 b3:07 793441     /tmp/hsperfdata_pi/1354
76f87000-76f88000 rw-p 00000000 00:00 0 
76f88000-76f89000 ---p 00000000 00:00 0 
76f89000-76f8e000 rw-p 00000000 00:00 0 
76f8e000-76f8f000 r--p 0001f000 b3:07 677377     /lib/arm-linux-gnueabihf/ld-2.19.so
76f8f000-76f90000 rw-p 00020000 b3:07 677377     /lib/arm-linux-gnueabihf/ld-2.19.so
7ebf5000-7ec16000 rwxp 00000000 00:00 0          [stack]
7ec16000-7ec17000 rw-p 00000000 00:00 0 
7ee9b000-7ee9c000 r-xp 00000000 00:00 0          [sigpage]
7ee9c000-7ee9d000 r--p 00000000 00:00 0          [vvar]
7ee9d000-7ee9e000 r-xp 00000000 00:00 0          [vdso]
ffff0000-ffff1000 r-xp 00000000 00:00 0          [vectors]

VM Arguments:
jvm_args: -Djava.library.path=/home/pi/Libraries/opencv-3.1.0/build/lib -Dfile.encoding=UTF-8 
java_command: videoSender.ICCRunner
Launcher Type: SUN_STANDARD

Environment Variables:
PATH=/usr/local/sbin:/usr/local/bin:/usr/sbin:/usr/bin:/sbin:/bin:/usr/local/games:/usr/games
SHELL=/bin/bash
DISPLAY=:0.0

Signal Handlers:
SIGSEGV: [libjvm.so+0x439688], sa_mask[0]=0x7ffbfeff, sa_flags=0x10000004
SIGBUS: [libjvm.so+0x439688], sa_mask[0]=0x7ffbfeff, sa_flags=0x10000004
SIGFPE: [libjvm.so+0x362fdc], sa_mask[0]=0x7ffbfeff, sa_flags=0x10000004
SIGPIPE: SIG_IGN, sa_mask[0]=0x00000000, sa_flags=0x00000000
SIGXFSZ: [libjvm.so+0x362fdc], sa_mask[0]=0x7ffbfeff, sa_flags=0x10000004
SIGILL: [libjvm.so+0x362fdc], sa_mask[0]=0x7ffbfeff, sa_flags=0x10000004
SIGUSR1: SIG_DFL, sa_mask[0]=0x00000000, sa_flags=0x00000000
SIGUSR2: [libjvm.so+0x362e54], sa_mask[0]=0x00000004, sa_flags=0x10000004
SIGHUP: [libjvm.so+0x36305c], sa_mask[0]=0x7ffbfeff, sa_flags=0x10000004
SIGINT: [libjvm.so+0x36305c], sa_mask[0]=0x7ffbfeff, sa_flags=0x10000004
SIGTERM: [libjvm.so+0x36305c], sa_mask[0]=0x7ffbfeff, sa_flags=0x10000004
SIGQUIT: [libjvm.so+0x36305c], sa_mask[0]=0x7ffbfeff, sa_flags=0x10000004
SIGTRAP: SIG_DFL, sa_mask[0]=0x00000000, sa_flags=0x00000000


---------------  S Y S T E M  ---------------

OS:8.0

uname:Linux 4.1.19-v7+ #858 SMP Tue Mar 15 15:56:00 GMT 2016 armv7l
libc:glibc 2.19 NPTL 2.19 
rlimit: STACK 8192k, CORE 0k, NPROC 6831, NOFILE 65536, AS infinity
load average:1.95 1.91 1.24

/proc/meminfo:
MemTotal:         883052 kB
MemFree:          365788 kB
MemAvailable:     582804 kB
Buffers:           26696 kB
Cached:           214748 kB
SwapCached:            0 kB
Active:           369340 kB
Inactive:         112076 kB
Active(anon):     240380 kB
Inactive(anon):     8212 kB
Active(file):     128960 kB
Inactive(file):   103864 kB
Unevictable:           0 kB
Mlocked:               0 kB
SwapTotal:        102396 kB
SwapFree:         102396 kB
Dirty:                84 kB
Writeback:             0 kB
AnonPages:        239996 kB
Mapped:            80512 kB
Shmem:              8596 kB
Slab:              17964 kB
SReclaimable:       9344 kB
SUnreclaim:         8620 kB
KernelStack:        1760 kB
PageTables:         3012 kB
NFS_Unstable:          0 kB
Bounce:                0 kB
WritebackTmp:          0 kB
CommitLimit:      543920 kB
Committed_AS:     887064 kB
VmallocTotal:    1171456 kB
VmallocUsed:        5348 kB
VmallocChunk:     905692 kB
CmaTotal:           8192 kB
CmaFree:            3732 kB


CPU:total 4 

/proc/cpuinfo:
processor	: 0
model name	: ARMv7 Processor rev 4 (v7l)
BogoMIPS	: 76.80
Features	: half thumb fastmult vfp edsp neon vfpv3 tls vfpv4 idiva idivt vfpd32 lpae evtstrm crc32 
CPU implementer	: 0x41
CPU architecture: 7
CPU variant	: 0x0
CPU part	: 0xd03
CPU revision	: 4

processor	: 1
model name	: ARMv7 Processor rev 4 (v7l)
BogoMIPS	: 76.80
Features	: half thumb fastmult vfp edsp neon vfpv3 tls vfpv4 idiva idivt vfpd32 lpae evtstrm crc32 
CPU implementer	: 0x41
CPU architecture: 7
CPU variant	: 0x0
CPU part	: 0xd03
CPU revision	: 4

processor	: 2
model name	: ARMv7 Processor rev 4 (v7l)
BogoMIPS	: 76.80
Features	: half thumb fastmult vfp edsp neon vfpv3 tls vfpv4 idiva idivt vfpd32 lpae evtstrm crc32 
CPU implementer	: 0x41
CPU architecture: 7
CPU variant	: 0x0
CPU part	: 0xd03
CPU revision	: 4

processor	: 3
model name	: ARMv7 Processor rev 4 (v7l)
BogoMIPS	: 76.80
Features	: half thumb fastmult vfp edsp neon vfpv3 tls vfpv4 idiva idivt vfpd32 lpae evtstrm crc32 
CPU implementer	: 0x41
CPU architecture: 7
CPU variant	: 0x0
CPU part	: 0xd03
CPU revision	: 4

Hardware	: BCM2709
Revision	: a22082
Serial		: 00000000b127db69


Memory: 4k page, physical 883052k(365788k free), swap 102396k(102396k free)

vm_info: OpenJDK Zero VM (24.95-b01) for linux-arm-vfp JRE (1.7.0_95-b00), built on Jan 28 2016 19:18:42 by "autoforwardporter" with gcc 4.9.2

time: Fri Oct 14 10:13:18 2016
elapsed time: 358 seconds

